#
# There is insufficient memory for the Java Runtime Environment to continue.
# Native memory allocation (malloc) failed to allocate 1849616 bytes for Chunk::new
# Possible reasons:
#   The system is out of physical RAM or swap space
#   The process is running with CompressedOops enabled, and the Java Heap may be blocking the growth of the native heap
# Possible solutions:
#   Reduce memory load on the system
#   Increase physical memory or swap space
#   Check if swap backing store is full
#   Decrease Java heap size (-Xmx/-Xms)
#   Decrease number of Java threads
#   Decrease Java thread stack sizes (-Xss)
#   Set larger code cache with -XX:ReservedCodeCacheSize=
#   JVM is running with Zero Based Compressed Oops mode in which the Java heap is
#     placed in the first 32GB address space. The Java Heap base address is the
#     maximum limit for the native heap growth. Please use -XX:HeapBaseMinAddress
#     to set the Java Heap base and to place the Java Heap above 32GB virtual address.
# This output file may be truncated or incomplete.
#
#  Out of Memory Error (./src/hotspot/share/memory/arena.cpp:197), pid=27496, tid=4828
#
# JRE version: OpenJDK Runtime Environment Corretto-11.0.12.7.1 (11.0.12+7) (build 11.0.12+7-LTS)
# Java VM: OpenJDK 64-Bit Server VM Corretto-11.0.12.7.1 (11.0.12+7-LTS, mixed mode, tiered, compressed oops, g1 gc, windows-amd64)
# No core dump will be written. Minidumps are not enabled by default on client versions of Windows
#

---------------  S U M M A R Y ------------

Command Line: -ea -Didea.test.cyclic.buffer.size=1048576 -javaagent:C:\Program Files\JetBrains\IntelliJ IDEA 2021.1\lib\idea_rt.jar=55177:C:\Program Files\JetBrains\IntelliJ IDEA 2021.1\bin -Dfile.encoding=UTF-8 com.intellij.rt.junit.JUnitStarter -ideVersion5 -junit5 com.zamkovyi.mostvaluableplayer2.service.impl.BasketballPlayerServiceImplTest

Host: Intel(R) Core(TM) i5-10300H CPU @ 2.50GHz, 8 cores, 15G,  Windows 10 , 64 bit Build 19041 (10.0.19041.1023)
Time: Fri Aug 13 12:00:50 2021 Финляндия (лето) elapsed time: 1.863154 seconds (0d 0h 0m 1s)

---------------  T H R E A D  ---------------

Current thread (0x0000020bb86c4800):  JavaThread "C2 CompilerThread2" daemon [_thread_in_native, id=4828, stack(0x000000ec75a00000,0x000000ec75b00000)]


Current CompileTask:
C2:   1863 2246   !   4       jdk.internal.loader.BuiltinClassLoader::loadClassOrNull (143 bytes)

Stack: [0x000000ec75a00000,0x000000ec75b00000]
Native frames: (J=compiled Java code, j=interpreted, Vv=VM code, C=native code)
V  [jvm.dll+0x601d7a]
V  [jvm.dll+0x78b45e]
V  [jvm.dll+0x78cb2f]
V  [jvm.dll+0x78d1f3]
V  [jvm.dll+0x24bc58]
V  [jvm.dll+0xc219c]
V  [jvm.dll+0xc275c]
V  [jvm.dll+0x3548d7]
V  [jvm.dll+0x321d93]
V  [jvm.dll+0x3210ca]
V  [jvm.dll+0x205535]
V  [jvm.dll+0x20471d]
V  [jvm.dll+0x18990c]
V  [jvm.dll+0x213b57]
V  [jvm.dll+0x211d1b]
V  [jvm.dll+0x74f509]
V  [jvm.dll+0x748574]
V  [jvm.dll+0x600c16]
C  [ucrtbase.dll+0x21bb2]
C  [KERNEL32.DLL+0x17034]
C  [ntdll.dll+0x52651]


---------------  P R O C E S S  ---------------

Threads class SMR info:
_java_thread_list=0x0000020bb8cba130, length=13, elements={
0x0000020b92f32800, 0x0000020bb73eb000, 0x0000020bb73f4800, 0x0000020bb744f800,
0x0000020bb7450800, 0x0000020bb7454000, 0x0000020bb7457000, 0x0000020bb7464000,
0x0000020bb7466800, 0x0000020bb75cc800, 0x0000020bb75d1000, 0x0000020bb78f9000,
0x0000020bb86c4800
}

Java Threads: ( => current thread )
  0x0000020b92f32800 JavaThread "main" [_thread_in_native, id=7116, stack(0x000000ec74700000,0x000000ec74800000)]
  0x0000020bb73eb000 JavaThread "Reference Handler" daemon [_thread_blocked, id=1432, stack(0x000000ec74e00000,0x000000ec74f00000)]
  0x0000020bb73f4800 JavaThread "Finalizer" daemon [_thread_blocked, id=28528, stack(0x000000ec74f00000,0x000000ec75000000)]
  0x0000020bb744f800 JavaThread "Signal Dispatcher" daemon [_thread_blocked, id=24296, stack(0x000000ec75000000,0x000000ec75100000)]
  0x0000020bb7450800 JavaThread "Attach Listener" daemon [_thread_blocked, id=20488, stack(0x000000ec75100000,0x000000ec75200000)]
  0x0000020bb7454000 JavaThread "Service Thread" daemon [_thread_blocked, id=28812, stack(0x000000ec75200000,0x000000ec75300000)]
  0x0000020bb7457000 JavaThread "C2 CompilerThread0" daemon [_thread_blocked, id=23484, stack(0x000000ec75300000,0x000000ec75400000)]
  0x0000020bb7464000 JavaThread "C1 CompilerThread0" daemon [_thread_blocked, id=27136, stack(0x000000ec75400000,0x000000ec75500000)]
  0x0000020bb7466800 JavaThread "Sweeper thread" daemon [_thread_blocked, id=304, stack(0x000000ec75500000,0x000000ec75600000)]
  0x0000020bb75cc800 JavaThread "Common-Cleaner" daemon [_thread_blocked, id=14772, stack(0x000000ec75600000,0x000000ec75700000)]
  0x0000020bb75d1000 JavaThread "C2 CompilerThread1" daemon [_thread_in_native, id=22036, stack(0x000000ec75700000,0x000000ec75800000)]
  0x0000020bb78f9000 JavaThread "Monitor Ctrl-Break" daemon [_thread_in_native, id=26104, stack(0x000000ec75800000,0x000000ec75900000)]
=>0x0000020bb86c4800 JavaThread "C2 CompilerThread2" daemon [_thread_in_native, id=4828, stack(0x000000ec75a00000,0x000000ec75b00000)]

Other Threads:
  0x0000020bb73c9000 VMThread "VM Thread" [stack: 0x000000ec74d00000,0x000000ec74e00000] [id=14480]
  0x0000020bb78fe000 WatcherThread [stack: 0x000000ec75900000,0x000000ec75a00000] [id=12868]
  0x0000020b92f4a000 GCTaskThread "GC Thread#0" [stack: 0x000000ec74800000,0x000000ec74900000] [id=8088]
  0x0000020bb8c76000 GCTaskThread "GC Thread#1" [stack: 0x000000ec75b00000,0x000000ec75c00000] [id=16620]
  0x0000020bb869f000 GCTaskThread "GC Thread#2" [stack: 0x000000ec75c00000,0x000000ec75d00000] [id=15256]
  0x0000020bb8a04000 GCTaskThread "GC Thread#3" [stack: 0x000000ec75d00000,0x000000ec75e00000] [id=4272]
  0x0000020bb8a2b800 GCTaskThread "GC Thread#4" [stack: 0x000000ec75e00000,0x000000ec75f00000] [id=8532]
  0x0000020bb8949000 GCTaskThread "GC Thread#5" [stack: 0x000000ec75f00000,0x000000ec76000000] [id=27728]
  0x0000020b92fa6800 ConcurrentGCThread "G1 Main Marker" [stack: 0x000000ec74900000,0x000000ec74a00000] [id=22056]
  0x0000020b92fa8000 ConcurrentGCThread "G1 Conc#0" [stack: 0x000000ec74a00000,0x000000ec74b00000] [id=5716]
  0x0000020bb8798800 ConcurrentGCThread "G1 Conc#1" [stack: 0x000000ec76000000,0x000000ec76100000] [id=25464]
  0x0000020bb6a22000 ConcurrentGCThread "G1 Refine#0" [stack: 0x000000ec74b00000,0x000000ec74c00000] [id=28488]
  0x0000020bb6a24000 ConcurrentGCThread "G1 Young RemSet Sampling" [stack: 0x000000ec74c00000,0x000000ec74d00000] [id=22008]

Threads with active compile tasks:
C2 CompilerThread1   1872 2304   !   4       java.net.URL::<init> (543 bytes)
C2 CompilerThread2   1872 2246   !   4       jdk.internal.loader.BuiltinClassLoader::loadClassOrNull (143 bytes)

VM state:not at safepoint (normal execution)

VM Mutex/Monitor currently owned by a thread: None

Heap address: 0x0000000703400000, size: 4044 MB, Compressed Oops mode: Zero based, Oop shift amount: 3
Narrow klass base: 0x0000000800000000, Narrow klass shift: 0
Compressed class space size: 1073741824 Address: 0x0000000800000000

Heap:
 garbage-first heap   total 260096K, used 15314K [0x0000000703400000, 0x0000000800000000)
  region size 1024K, 12 young (12288K), 4 survivors (4096K)
 Metaspace       used 27789K, capacity 28681K, committed 28800K, reserved 1075200K
  class space    used 3506K, capacity 3849K, committed 3968K, reserved 1048576K
Heap Regions: E=young(eden), S=young(survivor), O=old, HS=humongous(starts), HC=humongous(continues), CS=collection set, F=free, A=archive, TAMS=top-at-mark-start (previous, next)
|   0|0x0000000703400000, 0x0000000703500000, 0x0000000703500000|100%| O|  |TAMS 0x0000000703500000, 0x0000000703400000| Untracked 
|   1|0x0000000703500000, 0x0000000703600000, 0x0000000703600000|100%| O|  |TAMS 0x00000007035df400, 0x0000000703500000| Untracked 
|   2|0x0000000703600000, 0x0000000703700000, 0x0000000703700000|100%| O|  |TAMS 0x0000000703600000, 0x0000000703600000| Untracked 
|   3|0x0000000703700000, 0x0000000703800000, 0x0000000703800000|100%| O|  |TAMS 0x0000000703700000, 0x0000000703700000| Untracked 
|   4|0x0000000703800000, 0x00000007038b0a00, 0x0000000703900000| 68%| O|  |TAMS 0x0000000703800000, 0x0000000703800000| Untracked 
|   5|0x0000000703900000, 0x0000000703900000, 0x0000000703a00000|  0%| F|  |TAMS 0x0000000703900000, 0x0000000703900000| Untracked 
|   6|0x0000000703a00000, 0x0000000703a00000, 0x0000000703b00000|  0%| F|  |TAMS 0x0000000703a00000, 0x0000000703a00000| Untracked 
|   7|0x0000000703b00000, 0x0000000703b00000, 0x0000000703c00000|  0%| F|  |TAMS 0x0000000703b00000, 0x0000000703b00000| Untracked 
|   8|0x0000000703c00000, 0x0000000703c00000, 0x0000000703d00000|  0%| F|  |TAMS 0x0000000703c00000, 0x0000000703c00000| Untracked 
|   9|0x0000000703d00000, 0x0000000703d00000, 0x0000000703e00000|  0%| F|  |TAMS 0x0000000703d00000, 0x0000000703d00000| Untracked 
|  10|0x0000000703e00000, 0x0000000703e00000, 0x0000000703f00000|  0%| F|  |TAMS 0x0000000703e00000, 0x0000000703e00000| Untracked 
|  11|0x0000000703f00000, 0x0000000703f00000, 0x0000000704000000|  0%| F|  |TAMS 0x0000000703f00000, 0x0000000703f00000| Untracked 
|  12|0x0000000704000000, 0x0000000704000000, 0x0000000704100000|  0%| F|  |TAMS 0x0000000704000000, 0x0000000704000000| Untracked 
|  13|0x0000000704100000, 0x0000000704100000, 0x0000000704200000|  0%| F|  |TAMS 0x0000000704100000, 0x0000000704100000| Untracked 
|  14|0x0000000704200000, 0x0000000704200000, 0x0000000704300000|  0%| F|  |TAMS 0x0000000704200000, 0x0000000704200000| Untracked 
|  15|0x0000000704300000, 0x0000000704300000, 0x0000000704400000|  0%| F|  |TAMS 0x0000000704300000, 0x0000000704300000| Untracked 
|  16|0x0000000704400000, 0x0000000704400000, 0x0000000704500000|  0%| F|  |TAMS 0x0000000704400000, 0x0000000704400000| Untracked 
|  17|0x0000000704500000, 0x0000000704500000, 0x0000000704600000|  0%| F|  |TAMS 0x0000000704500000, 0x0000000704500000| Untracked 
|  18|0x0000000704600000, 0x0000000704600000, 0x0000000704700000|  0%| F|  |TAMS 0x0000000704600000, 0x0000000704600000| Untracked 
|  19|0x0000000704700000, 0x0000000704700000, 0x0000000704800000|  0%| F|  |TAMS 0x0000000704700000, 0x0000000704700000| Untracked 
|  20|0x0000000704800000, 0x0000000704800000, 0x0000000704900000|  0%| F|  |TAMS 0x0000000704800000, 0x0000000704800000| Untracked 
|  21|0x0000000704900000, 0x0000000704900000, 0x0000000704a00000|  0%| F|  |TAMS 0x0000000704900000, 0x0000000704900000| Untracked 
|  22|0x0000000704a00000, 0x0000000704a00000, 0x0000000704b00000|  0%| F|  |TAMS 0x0000000704a00000, 0x0000000704a00000| Untracked 
|  23|0x0000000704b00000, 0x0000000704b00000, 0x0000000704c00000|  0%| F|  |TAMS 0x0000000704b00000, 0x0000000704b00000| Untracked 
|  24|0x0000000704c00000, 0x0000000704c00000, 0x0000000704d00000|  0%| F|  |TAMS 0x0000000704c00000, 0x0000000704c00000| Untracked 
|  25|0x0000000704d00000, 0x0000000704d00000, 0x0000000704e00000|  0%| F|  |TAMS 0x0000000704d00000, 0x0000000704d00000| Untracked 
|  26|0x0000000704e00000, 0x0000000704e00000, 0x0000000704f00000|  0%| F|  |TAMS 0x0000000704e00000, 0x0000000704e00000| Untracked 
|  27|0x0000000704f00000, 0x0000000704f00000, 0x0000000705000000|  0%| F|  |TAMS 0x0000000704f00000, 0x0000000704f00000| Untracked 
|  28|0x0000000705000000, 0x0000000705000000, 0x0000000705100000|  0%| F|  |TAMS 0x0000000705000000, 0x0000000705000000| Untracked 
|  29|0x0000000705100000, 0x0000000705100000, 0x0000000705200000|  0%| F|  |TAMS 0x0000000705100000, 0x0000000705100000| Untracked 
|  30|0x0000000705200000, 0x0000000705200000, 0x0000000705300000|  0%| F|  |TAMS 0x0000000705200000, 0x0000000705200000| Untracked 
|  31|0x0000000705300000, 0x0000000705300000, 0x0000000705400000|  0%| F|  |TAMS 0x0000000705300000, 0x0000000705300000| Untracked 
|  32|0x0000000705400000, 0x0000000705400000, 0x0000000705500000|  0%| F|  |TAMS 0x0000000705400000, 0x0000000705400000| Untracked 
|  33|0x0000000705500000, 0x0000000705500000, 0x0000000705600000|  0%| F|  |TAMS 0x0000000705500000, 0x0000000705500000| Untracked 
|  34|0x0000000705600000, 0x0000000705600000, 0x0000000705700000|  0%| F|  |TAMS 0x0000000705600000, 0x0000000705600000| Untracked 
|  35|0x0000000705700000, 0x0000000705700000, 0x0000000705800000|  0%| F|  |TAMS 0x0000000705700000, 0x0000000705700000| Untracked 
|  36|0x0000000705800000, 0x0000000705800000, 0x0000000705900000|  0%| F|  |TAMS 0x0000000705800000, 0x0000000705800000| Untracked 
|  37|0x0000000705900000, 0x0000000705900000, 0x0000000705a00000|  0%| F|  |TAMS 0x0000000705900000, 0x0000000705900000| Untracked 
|  38|0x0000000705a00000, 0x0000000705a00000, 0x0000000705b00000|  0%| F|  |TAMS 0x0000000705a00000, 0x0000000705a00000| Untracked 
|  39|0x0000000705b00000, 0x0000000705b00000, 0x0000000705c00000|  0%| F|  |TAMS 0x0000000705b00000, 0x0000000705b00000| Untracked 
|  40|0x0000000705c00000, 0x0000000705c00000, 0x0000000705d00000|  0%| F|  |TAMS 0x0000000705c00000, 0x0000000705c00000| Untracked 
|  41|0x0000000705d00000, 0x0000000705d00000, 0x0000000705e00000|  0%| F|  |TAMS 0x0000000705d00000, 0x0000000705d00000| Untracked 
|  42|0x0000000705e00000, 0x0000000705e00000, 0x0000000705f00000|  0%| F|  |TAMS 0x0000000705e00000, 0x0000000705e00000| Untracked 
|  43|0x0000000705f00000, 0x0000000705f00000, 0x0000000706000000|  0%| F|  |TAMS 0x0000000705f00000, 0x0000000705f00000| Untracked 
|  44|0x0000000706000000, 0x0000000706000000, 0x0000000706100000|  0%| F|  |TAMS 0x0000000706000000, 0x0000000706000000| Untracked 
|  45|0x0000000706100000, 0x0000000706100000, 0x0000000706200000|  0%| F|  |TAMS 0x0000000706100000, 0x0000000706100000| Untracked 
|  46|0x0000000706200000, 0x0000000706200000, 0x0000000706300000|  0%| F|  |TAMS 0x0000000706200000, 0x0000000706200000| Untracked 
|  47|0x0000000706300000, 0x0000000706300000, 0x0000000706400000|  0%| F|  |TAMS 0x0000000706300000, 0x0000000706300000| Untracked 
|  48|0x0000000706400000, 0x0000000706400000, 0x0000000706500000|  0%| F|  |TAMS 0x0000000706400000, 0x0000000706400000| Untracked 
|  49|0x0000000706500000, 0x0000000706500000, 0x0000000706600000|  0%| F|  |TAMS 0x0000000706500000, 0x0000000706500000| Untracked 
|  50|0x0000000706600000, 0x0000000706600000, 0x0000000706700000|  0%| F|  |TAMS 0x0000000706600000, 0x0000000706600000| Untracked 
|  51|0x0000000706700000, 0x0000000706700000, 0x0000000706800000|  0%| F|  |TAMS 0x0000000706700000, 0x0000000706700000| Untracked 
|  52|0x0000000706800000, 0x0000000706800000, 0x0000000706900000|  0%| F|  |TAMS 0x0000000706800000, 0x0000000706800000| Untracked 
|  53|0x0000000706900000, 0x0000000706900000, 0x0000000706a00000|  0%| F|  |TAMS 0x0000000706900000, 0x0000000706900000| Untracked 
|  54|0x0000000706a00000, 0x0000000706a00000, 0x0000000706b00000|  0%| F|  |TAMS 0x0000000706a00000, 0x0000000706a00000| Untracked 
|  55|0x0000000706b00000, 0x0000000706b00000, 0x0000000706c00000|  0%| F|  |TAMS 0x0000000706b00000, 0x0000000706b00000| Untracked 
|  56|0x0000000706c00000, 0x0000000706c00000, 0x0000000706d00000|  0%| F|  |TAMS 0x0000000706c00000, 0x0000000706c00000| Untracked 
|  57|0x0000000706d00000, 0x0000000706d00000, 0x0000000706e00000|  0%| F|  |TAMS 0x0000000706d00000, 0x0000000706d00000| Untracked 
|  58|0x0000000706e00000, 0x0000000706e00000, 0x0000000706f00000|  0%| F|  |TAMS 0x0000000706e00000, 0x0000000706e00000| Untracked 
|  59|0x0000000706f00000, 0x0000000706f00000, 0x0000000707000000|  0%| F|  |TAMS 0x0000000706f00000, 0x0000000706f00000| Untracked 
|  60|0x0000000707000000, 0x0000000707000000, 0x0000000707100000|  0%| F|  |TAMS 0x0000000707000000, 0x0000000707000000| Untracked 
|  61|0x0000000707100000, 0x0000000707100000, 0x0000000707200000|  0%| F|  |TAMS 0x0000000707100000, 0x0000000707100000| Untracked 
|  62|0x0000000707200000, 0x0000000707200000, 0x0000000707300000|  0%| F|  |TAMS 0x0000000707200000, 0x0000000707200000| Untracked 
|  63|0x0000000707300000, 0x0000000707300000, 0x0000000707400000|  0%| F|  |TAMS 0x0000000707300000, 0x0000000707300000| Untracked 
|  64|0x0000000707400000, 0x0000000707400000, 0x0000000707500000|  0%| F|  |TAMS 0x0000000707400000, 0x0000000707400000| Untracked 
|  65|0x0000000707500000, 0x0000000707500000, 0x0000000707600000|  0%| F|  |TAMS 0x0000000707500000, 0x0000000707500000| Untracked 
|  66|0x0000000707600000, 0x0000000707600000, 0x0000000707700000|  0%| F|  |TAMS 0x0000000707600000, 0x0000000707600000| Untracked 
|  67|0x0000000707700000, 0x0000000707700000, 0x0000000707800000|  0%| F|  |TAMS 0x0000000707700000, 0x0000000707700000| Untracked 
|  68|0x0000000707800000, 0x0000000707800000, 0x0000000707900000|  0%| F|  |TAMS 0x0000000707800000, 0x0000000707800000| Untracked 
|  69|0x0000000707900000, 0x0000000707900000, 0x0000000707a00000|  0%| F|  |TAMS 0x0000000707900000, 0x0000000707900000| Untracked 
|  70|0x0000000707a00000, 0x0000000707a00000, 0x0000000707b00000|  0%| F|  |TAMS 0x0000000707a00000, 0x0000000707a00000| Untracked 
|  71|0x0000000707b00000, 0x0000000707b00000, 0x0000000707c00000|  0%| F|  |TAMS 0x0000000707b00000, 0x0000000707b00000| Untracked 
|  72|0x0000000707c00000, 0x0000000707c00000, 0x0000000707d00000|  0%| F|  |TAMS 0x0000000707c00000, 0x0000000707c00000| Untracked 
|  73|0x0000000707d00000, 0x0000000707d00000, 0x0000000707e00000|  0%| F|  |TAMS 0x0000000707d00000, 0x0000000707d00000| Untracked 
|  74|0x0000000707e00000, 0x0000000707e00000, 0x0000000707f00000|  0%| F|  |TAMS 0x0000000707e00000, 0x0000000707e00000| Untracked 
|  75|0x0000000707f00000, 0x0000000707f00000, 0x0000000708000000|  0%| F|  |TAMS 0x0000000707f00000, 0x0000000707f00000| Untracked 
|  76|0x0000000708000000, 0x0000000708000000, 0x0000000708100000|  0%| F|  |TAMS 0x0000000708000000, 0x0000000708000000| Untracked 
|  77|0x0000000708100000, 0x0000000708100000, 0x0000000708200000|  0%| F|  |TAMS 0x0000000708100000, 0x0000000708100000| Untracked 
|  78|0x0000000708200000, 0x0000000708200000, 0x0000000708300000|  0%| F|  |TAMS 0x0000000708200000, 0x0000000708200000| Untracked 
|  79|0x0000000708300000, 0x0000000708300000, 0x0000000708400000|  0%| F|  |TAMS 0x0000000708300000, 0x0000000708300000| Untracked 
|  80|0x0000000708400000, 0x0000000708400000, 0x0000000708500000|  0%| F|  |TAMS 0x0000000708400000, 0x0000000708400000| Untracked 
|  81|0x0000000708500000, 0x0000000708500000, 0x0000000708600000|  0%| F|  |TAMS 0x0000000708500000, 0x0000000708500000| Untracked 
|  82|0x0000000708600000, 0x0000000708600000, 0x0000000708700000|  0%| F|  |TAMS 0x0000000708600000, 0x0000000708600000| Untracked 
|  83|0x0000000708700000, 0x0000000708700000, 0x0000000708800000|  0%| F|  |TAMS 0x0000000708700000, 0x0000000708700000| Untracked 
|  84|0x0000000708800000, 0x0000000708800000, 0x0000000708900000|  0%| F|  |TAMS 0x0000000708800000, 0x0000000708800000| Untracked 
|  85|0x0000000708900000, 0x0000000708900000, 0x0000000708a00000|  0%| F|  |TAMS 0x0000000708900000, 0x0000000708900000| Untracked 
|  86|0x0000000708a00000, 0x0000000708a00000, 0x0000000708b00000|  0%| F|  |TAMS 0x0000000708a00000, 0x0000000708a00000| Untracked 
|  87|0x0000000708b00000, 0x0000000708b00000, 0x0000000708c00000|  0%| F|  |TAMS 0x0000000708b00000, 0x0000000708b00000| Untracked 
|  88|0x0000000708c00000, 0x0000000708c00000, 0x0000000708d00000|  0%| F|  |TAMS 0x0000000708c00000, 0x0000000708c00000| Untracked 
|  89|0x0000000708d00000, 0x0000000708d00000, 0x0000000708e00000|  0%| F|  |TAMS 0x0000000708d00000, 0x0000000708d00000| Untracked 
|  90|0x0000000708e00000, 0x0000000708e00000, 0x0000000708f00000|  0%| F|  |TAMS 0x0000000708e00000, 0x0000000708e00000| Untracked 
|  91|0x0000000708f00000, 0x0000000708f00000, 0x0000000709000000|  0%| F|  |TAMS 0x0000000708f00000, 0x0000000708f00000| Untracked 
|  92|0x0000000709000000, 0x0000000709000000, 0x0000000709100000|  0%| F|  |TAMS 0x0000000709000000, 0x0000000709000000| Untracked 
|  93|0x0000000709100000, 0x0000000709100000, 0x0000000709200000|  0%| F|  |TAMS 0x0000000709100000, 0x0000000709100000| Untracked 
|  94|0x0000000709200000, 0x0000000709200000, 0x0000000709300000|  0%| F|  |TAMS 0x0000000709200000, 0x0000000709200000| Untracked 
|  95|0x0000000709300000, 0x0000000709300000, 0x0000000709400000|  0%| F|  |TAMS 0x0000000709300000, 0x0000000709300000| Untracked 
|  96|0x0000000709400000, 0x0000000709400000, 0x0000000709500000|  0%| F|  |TAMS 0x0000000709400000, 0x0000000709400000| Untracked 
|  97|0x0000000709500000, 0x0000000709500000, 0x0000000709600000|  0%| F|  |TAMS 0x0000000709500000, 0x0000000709500000| Untracked 
|  98|0x0000000709600000, 0x0000000709600000, 0x0000000709700000|  0%| F|  |TAMS 0x0000000709600000, 0x0000000709600000| Untracked 
|  99|0x0000000709700000, 0x0000000709700000, 0x0000000709800000|  0%| F|  |TAMS 0x0000000709700000, 0x0000000709700000| Untracked 
| 100|0x0000000709800000, 0x0000000709800000, 0x0000000709900000|  0%| F|  |TAMS 0x0000000709800000, 0x0000000709800000| Untracked 
| 101|0x0000000709900000, 0x0000000709900000, 0x0000000709a00000|  0%| F|  |TAMS 0x0000000709900000, 0x0000000709900000| Untracked 
| 102|0x0000000709a00000, 0x0000000709a00000, 0x0000000709b00000|  0%| F|  |TAMS 0x0000000709a00000, 0x0000000709a00000| Untracked 
| 103|0x0000000709b00000, 0x0000000709b00000, 0x0000000709c00000|  0%| F|  |TAMS 0x0000000709b00000, 0x0000000709b00000| Untracked 
| 104|0x0000000709c00000, 0x0000000709c00000, 0x0000000709d00000|  0%| F|  |TAMS 0x0000000709c00000, 0x0000000709c00000| Untracked 
| 105|0x0000000709d00000, 0x0000000709d00000, 0x0000000709e00000|  0%| F|  |TAMS 0x0000000709d00000, 0x0000000709d00000| Untracked 
| 106|0x0000000709e00000, 0x0000000709e00000, 0x0000000709f00000|  0%| F|  |TAMS 0x0000000709e00000, 0x0000000709e00000| Untracked 
| 107|0x0000000709f00000, 0x0000000709f00000, 0x000000070a000000|  0%| F|  |TAMS 0x0000000709f00000, 0x0000000709f00000| Untracked 
| 108|0x000000070a000000, 0x000000070a000000, 0x000000070a100000|  0%| F|  |TAMS 0x000000070a000000, 0x000000070a000000| Untracked 
| 109|0x000000070a100000, 0x000000070a100000, 0x000000070a200000|  0%| F|  |TAMS 0x000000070a100000, 0x000000070a100000| Untracked 
| 110|0x000000070a200000, 0x000000070a200000, 0x000000070a300000|  0%| F|  |TAMS 0x000000070a200000, 0x000000070a200000| Untracked 
| 111|0x000000070a300000, 0x000000070a300000, 0x000000070a400000|  0%| F|  |TAMS 0x000000070a300000, 0x000000070a300000| Untracked 
| 112|0x000000070a400000, 0x000000070a400000, 0x000000070a500000|  0%| F|  |TAMS 0x000000070a400000, 0x000000070a400000| Untracked 
| 113|0x000000070a500000, 0x000000070a500000, 0x000000070a600000|  0%| F|  |TAMS 0x000000070a500000, 0x000000070a500000| Untracked 
| 114|0x000000070a600000, 0x000000070a600000, 0x000000070a700000|  0%| F|  |TAMS 0x000000070a600000, 0x000000070a600000| Untracked 
| 115|0x000000070a700000, 0x000000070a700000, 0x000000070a800000|  0%| F|  |TAMS 0x000000070a700000, 0x000000070a700000| Untracked 
| 116|0x000000070a800000, 0x000000070a800000, 0x000000070a900000|  0%| F|  |TAMS 0x000000070a800000, 0x000000070a800000| Untracked 
| 117|0x000000070a900000, 0x000000070a900000, 0x000000070aa00000|  0%| F|  |TAMS 0x000000070a900000, 0x000000070a900000| Untracked 
| 118|0x000000070aa00000, 0x000000070aa00000, 0x000000070ab00000|  0%| F|  |TAMS 0x000000070aa00000, 0x000000070aa00000| Untracked 
| 119|0x000000070ab00000, 0x000000070ab00000, 0x000000070ac00000|  0%| F|  |TAMS 0x000000070ab00000, 0x000000070ab00000| Untracked 
| 120|0x000000070ac00000, 0x000000070ac00000, 0x000000070ad00000|  0%| F|  |TAMS 0x000000070ac00000, 0x000000070ac00000| Untracked 
| 121|0x000000070ad00000, 0x000000070ad00000, 0x000000070ae00000|  0%| F|  |TAMS 0x000000070ad00000, 0x000000070ad00000| Untracked 
| 122|0x000000070ae00000, 0x000000070ae00000, 0x000000070af00000|  0%| F|  |TAMS 0x000000070ae00000, 0x000000070ae00000| Untracked 
| 123|0x000000070af00000, 0x000000070af00000, 0x000000070b000000|  0%| F|  |TAMS 0x000000070af00000, 0x000000070af00000| Untracked 
| 124|0x000000070b000000, 0x000000070b000000, 0x000000070b100000|  0%| F|  |TAMS 0x000000070b000000, 0x000000070b000000| Untracked 
| 125|0x000000070b100000, 0x000000070b100000, 0x000000070b200000|  0%| F|  |TAMS 0x000000070b100000, 0x000000070b100000| Untracked 
| 126|0x000000070b200000, 0x000000070b200000, 0x000000070b300000|  0%| F|  |TAMS 0x000000070b200000, 0x000000070b200000| Untracked 
| 127|0x000000070b300000, 0x000000070b300000, 0x000000070b400000|  0%| F|  |TAMS 0x000000070b300000, 0x000000070b300000| Untracked 
| 128|0x000000070b400000, 0x000000070b400000, 0x000000070b500000|  0%| F|  |TAMS 0x000000070b400000, 0x000000070b400000| Untracked 
| 129|0x000000070b500000, 0x000000070b500000, 0x000000070b600000|  0%| F|  |TAMS 0x000000070b500000, 0x000000070b500000| Untracked 
| 130|0x000000070b600000, 0x000000070b600000, 0x000000070b700000|  0%| F|  |TAMS 0x000000070b600000, 0x000000070b600000| Untracked 
| 131|0x000000070b700000, 0x000000070b700000, 0x000000070b800000|  0%| F|  |TAMS 0x000000070b700000, 0x000000070b700000| Untracked 
| 132|0x000000070b800000, 0x000000070b800000, 0x000000070b900000|  0%| F|  |TAMS 0x000000070b800000, 0x000000070b800000| Untracked 
| 133|0x000000070b900000, 0x000000070b900000, 0x000000070ba00000|  0%| F|  |TAMS 0x000000070b900000, 0x000000070b900000| Untracked 
| 134|0x000000070ba00000, 0x000000070ba00000, 0x000000070bb00000|  0%| F|  |TAMS 0x000000070ba00000, 0x000000070ba00000| Untracked 
| 135|0x000000070bb00000, 0x000000070bb00000, 0x000000070bc00000|  0%| F|  |TAMS 0x000000070bb00000, 0x000000070bb00000| Untracked 
| 136|0x000000070bc00000, 0x000000070bc00000, 0x000000070bd00000|  0%| F|  |TAMS 0x000000070bc00000, 0x000000070bc00000| Untracked 
| 137|0x000000070bd00000, 0x000000070bd00000, 0x000000070be00000|  0%| F|  |TAMS 0x000000070bd00000, 0x000000070bd00000| Untracked 
| 138|0x000000070be00000, 0x000000070be00000, 0x000000070bf00000|  0%| F|  |TAMS 0x000000070be00000, 0x000000070be00000| Untracked 
| 139|0x000000070bf00000, 0x000000070bf00000, 0x000000070c000000|  0%| F|  |TAMS 0x000000070bf00000, 0x000000070bf00000| Untracked 
| 140|0x000000070c000000, 0x000000070c000000, 0x000000070c100000|  0%| F|  |TAMS 0x000000070c000000, 0x000000070c000000| Untracked 
| 141|0x000000070c100000, 0x000000070c100000, 0x000000070c200000|  0%| F|  |TAMS 0x000000070c100000, 0x000000070c100000| Untracked 
| 142|0x000000070c200000, 0x000000070c200000, 0x000000070c300000|  0%| F|  |TAMS 0x000000070c200000, 0x000000070c200000| Untracked 
| 143|0x000000070c300000, 0x000000070c300000, 0x000000070c400000|  0%| F|  |TAMS 0x000000070c300000, 0x000000070c300000| Untracked 
| 144|0x000000070c400000, 0x000000070c400000, 0x000000070c500000|  0%| F|  |TAMS 0x000000070c400000, 0x000000070c400000| Untracked 
| 145|0x000000070c500000, 0x000000070c500000, 0x000000070c600000|  0%| F|  |TAMS 0x000000070c500000, 0x000000070c500000| Untracked 
| 146|0x000000070c600000, 0x000000070c600000, 0x000000070c700000|  0%| F|  |TAMS 0x000000070c600000, 0x000000070c600000| Untracked 
| 147|0x000000070c700000, 0x000000070c700000, 0x000000070c800000|  0%| F|  |TAMS 0x000000070c700000, 0x000000070c700000| Untracked 
| 148|0x000000070c800000, 0x000000070c800000, 0x000000070c900000|  0%| F|  |TAMS 0x000000070c800000, 0x000000070c800000| Untracked 
| 149|0x000000070c900000, 0x000000070c900000, 0x000000070ca00000|  0%| F|  |TAMS 0x000000070c900000, 0x000000070c900000| Untracked 
| 150|0x000000070ca00000, 0x000000070ca00000, 0x000000070cb00000|  0%| F|  |TAMS 0x000000070ca00000, 0x000000070ca00000| Untracked 
| 151|0x000000070cb00000, 0x000000070cb00000, 0x000000070cc00000|  0%| F|  |TAMS 0x000000070cb00000, 0x000000070cb00000| Untracked 
| 152|0x000000070cc00000, 0x000000070cc00000, 0x000000070cd00000|  0%| F|  |TAMS 0x000000070cc00000, 0x000000070cc00000| Untracked 
| 153|0x000000070cd00000, 0x000000070cd00000, 0x000000070ce00000|  0%| F|  |TAMS 0x000000070cd00000, 0x000000070cd00000| Untracked 
| 154|0x000000070ce00000, 0x000000070ce00000, 0x000000070cf00000|  0%| F|  |TAMS 0x000000070ce00000, 0x000000070ce00000| Untracked 
| 155|0x000000070cf00000, 0x000000070cf00000, 0x000000070d000000|  0%| F|  |TAMS 0x000000070cf00000, 0x000000070cf00000| Untracked 
| 156|0x000000070d000000, 0x000000070d000000, 0x000000070d100000|  0%| F|  |TAMS 0x000000070d000000, 0x000000070d000000| Untracked 
| 157|0x000000070d100000, 0x000000070d100000, 0x000000070d200000|  0%| F|  |TAMS 0x000000070d100000, 0x000000070d100000| Untracked 
| 158|0x000000070d200000, 0x000000070d200000, 0x000000070d300000|  0%| F|  |TAMS 0x000000070d200000, 0x000000070d200000| Untracked 
| 159|0x000000070d300000, 0x000000070d300000, 0x000000070d400000|  0%| F|  |TAMS 0x000000070d300000, 0x000000070d300000| Untracked 
| 160|0x000000070d400000, 0x000000070d400000, 0x000000070d500000|  0%| F|  |TAMS 0x000000070d400000, 0x000000070d400000| Untracked 
| 161|0x000000070d500000, 0x000000070d500000, 0x000000070d600000|  0%| F|  |TAMS 0x000000070d500000, 0x000000070d500000| Untracked 
| 162|0x000000070d600000, 0x000000070d600000, 0x000000070d700000|  0%| F|  |TAMS 0x000000070d600000, 0x000000070d600000| Untracked 
| 163|0x000000070d700000, 0x000000070d700000, 0x000000070d800000|  0%| F|  |TAMS 0x000000070d700000, 0x000000070d700000| Untracked 
| 164|0x000000070d800000, 0x000000070d800000, 0x000000070d900000|  0%| F|  |TAMS 0x000000070d800000, 0x000000070d800000| Untracked 
| 165|0x000000070d900000, 0x000000070d900000, 0x000000070da00000|  0%| F|  |TAMS 0x000000070d900000, 0x000000070d900000| Untracked 
| 166|0x000000070da00000, 0x000000070da00000, 0x000000070db00000|  0%| F|  |TAMS 0x000000070da00000, 0x000000070da00000| Untracked 
| 167|0x000000070db00000, 0x000000070db00000, 0x000000070dc00000|  0%| F|  |TAMS 0x000000070db00000, 0x000000070db00000| Untracked 
| 168|0x000000070dc00000, 0x000000070dc00000, 0x000000070dd00000|  0%| F|  |TAMS 0x000000070dc00000, 0x000000070dc00000| Untracked 
| 169|0x000000070dd00000, 0x000000070dd00000, 0x000000070de00000|  0%| F|  |TAMS 0x000000070dd00000, 0x000000070dd00000| Untracked 
| 170|0x000000070de00000, 0x000000070de00000, 0x000000070df00000|  0%| F|  |TAMS 0x000000070de00000, 0x000000070de00000| Untracked 
| 171|0x000000070df00000, 0x000000070df00000, 0x000000070e000000|  0%| F|  |TAMS 0x000000070df00000, 0x000000070df00000| Untracked 
| 172|0x000000070e000000, 0x000000070e000000, 0x000000070e100000|  0%| F|  |TAMS 0x000000070e000000, 0x000000070e000000| Untracked 
| 173|0x000000070e100000, 0x000000070e100000, 0x000000070e200000|  0%| F|  |TAMS 0x000000070e100000, 0x000000070e100000| Untracked 
| 174|0x000000070e200000, 0x000000070e200000, 0x000000070e300000|  0%| F|  |TAMS 0x000000070e200000, 0x000000070e200000| Untracked 
| 175|0x000000070e300000, 0x000000070e300000, 0x000000070e400000|  0%| F|  |TAMS 0x000000070e300000, 0x000000070e300000| Untracked 
| 176|0x000000070e400000, 0x000000070e400000, 0x000000070e500000|  0%| F|  |TAMS 0x000000070e400000, 0x000000070e400000| Untracked 
| 177|0x000000070e500000, 0x000000070e500000, 0x000000070e600000|  0%| F|  |TAMS 0x000000070e500000, 0x000000070e500000| Untracked 
| 178|0x000000070e600000, 0x000000070e600000, 0x000000070e700000|  0%| F|  |TAMS 0x000000070e600000, 0x000000070e600000| Untracked 
| 179|0x000000070e700000, 0x000000070e700000, 0x000000070e800000|  0%| F|  |TAMS 0x000000070e700000, 0x000000070e700000| Untracked 
| 180|0x000000070e800000, 0x000000070e800000, 0x000000070e900000|  0%| F|  |TAMS 0x000000070e800000, 0x000000070e800000| Untracked 
| 181|0x000000070e900000, 0x000000070e900000, 0x000000070ea00000|  0%| F|  |TAMS 0x000000070e900000, 0x000000070e900000| Untracked 
| 182|0x000000070ea00000, 0x000000070ea00000, 0x000000070eb00000|  0%| F|  |TAMS 0x000000070ea00000, 0x000000070ea00000| Untracked 
| 183|0x000000070eb00000, 0x000000070eb00000, 0x000000070ec00000|  0%| F|  |TAMS 0x000000070eb00000, 0x000000070eb00000| Untracked 
| 184|0x000000070ec00000, 0x000000070ec00000, 0x000000070ed00000|  0%| F|  |TAMS 0x000000070ec00000, 0x000000070ec00000| Untracked 
| 185|0x000000070ed00000, 0x000000070ed00000, 0x000000070ee00000|  0%| F|  |TAMS 0x000000070ed00000, 0x000000070ed00000| Untracked 
| 186|0x000000070ee00000, 0x000000070ee00000, 0x000000070ef00000|  0%| F|  |TAMS 0x000000070ee00000, 0x000000070ee00000| Untracked 
| 187|0x000000070ef00000, 0x000000070ef00000, 0x000000070f000000|  0%| F|  |TAMS 0x000000070ef00000, 0x000000070ef00000| Untracked 
| 188|0x000000070f000000, 0x000000070f000000, 0x000000070f100000|  0%| F|  |TAMS 0x000000070f000000, 0x000000070f000000| Untracked 
| 189|0x000000070f100000, 0x000000070f100000, 0x000000070f200000|  0%| F|  |TAMS 0x000000070f100000, 0x000000070f100000| Untracked 
| 190|0x000000070f200000, 0x000000070f200000, 0x000000070f300000|  0%| F|  |TAMS 0x000000070f200000, 0x000000070f200000| Untracked 
| 191|0x000000070f300000, 0x000000070f300000, 0x000000070f400000|  0%| F|  |TAMS 0x000000070f300000, 0x000000070f300000| Untracked 
| 192|0x000000070f400000, 0x000000070f400000, 0x000000070f500000|  0%| F|  |TAMS 0x000000070f400000, 0x000000070f400000| Untracked 
| 193|0x000000070f500000, 0x000000070f500000, 0x000000070f600000|  0%| F|  |TAMS 0x000000070f500000, 0x000000070f500000| Untracked 
| 194|0x000000070f600000, 0x000000070f600000, 0x000000070f700000|  0%| F|  |TAMS 0x000000070f600000, 0x000000070f600000| Untracked 
| 195|0x000000070f700000, 0x000000070f700000, 0x000000070f800000|  0%| F|  |TAMS 0x000000070f700000, 0x000000070f700000| Untracked 
| 196|0x000000070f800000, 0x000000070f800000, 0x000000070f900000|  0%| F|  |TAMS 0x000000070f800000, 0x000000070f800000| Untracked 
| 197|0x000000070f900000, 0x000000070f900000, 0x000000070fa00000|  0%| F|  |TAMS 0x000000070f900000, 0x000000070f900000| Untracked 
| 198|0x000000070fa00000, 0x000000070fa00000, 0x000000070fb00000|  0%| F|  |TAMS 0x000000070fa00000, 0x000000070fa00000| Untracked 
| 199|0x000000070fb00000, 0x000000070fb00000, 0x000000070fc00000|  0%| F|  |TAMS 0x000000070fb00000, 0x000000070fb00000| Untracked 
| 200|0x000000070fc00000, 0x000000070fc00000, 0x000000070fd00000|  0%| F|  |TAMS 0x000000070fc00000, 0x000000070fc00000| Untracked 
| 201|0x000000070fd00000, 0x000000070fd00000, 0x000000070fe00000|  0%| F|  |TAMS 0x000000070fd00000, 0x000000070fd00000| Untracked 
| 202|0x000000070fe00000, 0x000000070fe00000, 0x000000070ff00000|  0%| F|  |TAMS 0x000000070fe00000, 0x000000070fe00000| Untracked 
| 203|0x000000070ff00000, 0x000000070ff00000, 0x0000000710000000|  0%| F|  |TAMS 0x000000070ff00000, 0x000000070ff00000| Untracked 
| 204|0x0000000710000000, 0x0000000710000000, 0x0000000710100000|  0%| F|  |TAMS 0x0000000710000000, 0x0000000710000000| Untracked 
| 205|0x0000000710100000, 0x0000000710100000, 0x0000000710200000|  0%| F|  |TAMS 0x0000000710100000, 0x0000000710100000| Untracked 
| 206|0x0000000710200000, 0x0000000710200000, 0x0000000710300000|  0%| F|  |TAMS 0x0000000710200000, 0x0000000710200000| Untracked 
| 207|0x0000000710300000, 0x0000000710300000, 0x0000000710400000|  0%| F|  |TAMS 0x0000000710300000, 0x0000000710300000| Untracked 
| 208|0x0000000710400000, 0x0000000710400000, 0x0000000710500000|  0%| F|  |TAMS 0x0000000710400000, 0x0000000710400000| Untracked 
| 209|0x0000000710500000, 0x0000000710543fb0, 0x0000000710600000| 26%| S|CS|TAMS 0x0000000710500000, 0x0000000710500000| Complete 
| 210|0x0000000710600000, 0x0000000710700000, 0x0000000710700000|100%| S|CS|TAMS 0x0000000710600000, 0x0000000710600000| Complete 
| 211|0x0000000710700000, 0x0000000710800000, 0x0000000710800000|100%| S|CS|TAMS 0x0000000710700000, 0x0000000710700000| Complete 
| 212|0x0000000710800000, 0x0000000710900000, 0x0000000710900000|100%| S|CS|TAMS 0x0000000710800000, 0x0000000710800000| Complete 
| 213|0x0000000710900000, 0x0000000710900000, 0x0000000710a00000|  0%| F|  |TAMS 0x0000000710900000, 0x0000000710900000| Untracked 
| 214|0x0000000710a00000, 0x0000000710a00000, 0x0000000710b00000|  0%| F|  |TAMS 0x0000000710a00000, 0x0000000710a00000| Untracked 
| 215|0x0000000710b00000, 0x0000000710b00000, 0x0000000710c00000|  0%| F|  |TAMS 0x0000000710b00000, 0x0000000710b00000| Untracked 
| 216|0x0000000710c00000, 0x0000000710c00000, 0x0000000710d00000|  0%| F|  |TAMS 0x0000000710c00000, 0x0000000710c00000| Untracked 
| 217|0x0000000710d00000, 0x0000000710d00000, 0x0000000710e00000|  0%| F|  |TAMS 0x0000000710d00000, 0x0000000710d00000| Untracked 
| 218|0x0000000710e00000, 0x0000000710e00000, 0x0000000710f00000|  0%| F|  |TAMS 0x0000000710e00000, 0x0000000710e00000| Untracked 
| 219|0x0000000710f00000, 0x0000000710f00000, 0x0000000711000000|  0%| F|  |TAMS 0x0000000710f00000, 0x0000000710f00000| Untracked 
| 220|0x0000000711000000, 0x0000000711000000, 0x0000000711100000|  0%| F|  |TAMS 0x0000000711000000, 0x0000000711000000| Untracked 
| 221|0x0000000711100000, 0x0000000711100000, 0x0000000711200000|  0%| F|  |TAMS 0x0000000711100000, 0x0000000711100000| Untracked 
| 222|0x0000000711200000, 0x0000000711200000, 0x0000000711300000|  0%| F|  |TAMS 0x0000000711200000, 0x0000000711200000| Untracked 
| 223|0x0000000711300000, 0x0000000711300000, 0x0000000711400000|  0%| F|  |TAMS 0x0000000711300000, 0x0000000711300000| Untracked 
| 224|0x0000000711400000, 0x0000000711400000, 0x0000000711500000|  0%| F|  |TAMS 0x0000000711400000, 0x0000000711400000| Untracked 
| 225|0x0000000711500000, 0x0000000711500000, 0x0000000711600000|  0%| F|  |TAMS 0x0000000711500000, 0x0000000711500000| Untracked 
| 226|0x0000000711600000, 0x0000000711600000, 0x0000000711700000|  0%| F|  |TAMS 0x0000000711600000, 0x0000000711600000| Untracked 
| 227|0x0000000711700000, 0x0000000711700000, 0x0000000711800000|  0%| F|  |TAMS 0x0000000711700000, 0x0000000711700000| Untracked 
| 228|0x0000000711800000, 0x0000000711800000, 0x0000000711900000|  0%| F|  |TAMS 0x0000000711800000, 0x0000000711800000| Untracked 
| 229|0x0000000711900000, 0x0000000711900000, 0x0000000711a00000|  0%| F|  |TAMS 0x0000000711900000, 0x0000000711900000| Untracked 
| 230|0x0000000711a00000, 0x0000000711a00000, 0x0000000711b00000|  0%| F|  |TAMS 0x0000000711a00000, 0x0000000711a00000| Untracked 
| 231|0x0000000711b00000, 0x0000000711b00000, 0x0000000711c00000|  0%| F|  |TAMS 0x0000000711b00000, 0x0000000711b00000| Untracked 
| 232|0x0000000711c00000, 0x0000000711c00000, 0x0000000711d00000|  0%| F|  |TAMS 0x0000000711c00000, 0x0000000711c00000| Untracked 
| 233|0x0000000711d00000, 0x0000000711d00000, 0x0000000711e00000|  0%| F|  |TAMS 0x0000000711d00000, 0x0000000711d00000| Untracked 
| 234|0x0000000711e00000, 0x0000000711e00000, 0x0000000711f00000|  0%| F|  |TAMS 0x0000000711e00000, 0x0000000711e00000| Untracked 
| 235|0x0000000711f00000, 0x0000000711f00000, 0x0000000712000000|  0%| F|  |TAMS 0x0000000711f00000, 0x0000000711f00000| Untracked 
| 236|0x0000000712000000, 0x0000000712000000, 0x0000000712100000|  0%| F|  |TAMS 0x0000000712000000, 0x0000000712000000| Untracked 
| 237|0x0000000712100000, 0x0000000712100000, 0x0000000712200000|  0%| F|  |TAMS 0x0000000712100000, 0x0000000712100000| Untracked 
| 238|0x0000000712200000, 0x0000000712200000, 0x0000000712300000|  0%| F|  |TAMS 0x0000000712200000, 0x0000000712200000| Untracked 
| 239|0x0000000712300000, 0x0000000712300000, 0x0000000712400000|  0%| F|  |TAMS 0x0000000712300000, 0x0000000712300000| Untracked 
| 240|0x0000000712400000, 0x0000000712400000, 0x0000000712500000|  0%| F|  |TAMS 0x0000000712400000, 0x0000000712400000| Untracked 
| 241|0x0000000712500000, 0x0000000712500000, 0x0000000712600000|  0%| F|  |TAMS 0x0000000712500000, 0x0000000712500000| Untracked 
| 242|0x0000000712600000, 0x0000000712600000, 0x0000000712700000|  0%| F|  |TAMS 0x0000000712600000, 0x0000000712600000| Untracked 
| 243|0x0000000712700000, 0x0000000712700000, 0x0000000712800000|  0%| F|  |TAMS 0x0000000712700000, 0x0000000712700000| Untracked 
| 244|0x0000000712800000, 0x0000000712800000, 0x0000000712900000|  0%| F|  |TAMS 0x0000000712800000, 0x0000000712800000| Untracked 
| 245|0x0000000712900000, 0x0000000712900000, 0x0000000712a00000|  0%| F|  |TAMS 0x0000000712900000, 0x0000000712900000| Untracked 
| 246|0x0000000712a00000, 0x0000000712b00000, 0x0000000712b00000|100%| E|  |TAMS 0x0000000712a00000, 0x0000000712a00000| Complete 
| 247|0x0000000712b00000, 0x0000000712c00000, 0x0000000712c00000|100%| E|CS|TAMS 0x0000000712b00000, 0x0000000712b00000| Complete 
| 248|0x0000000712c00000, 0x0000000712d00000, 0x0000000712d00000|100%| E|CS|TAMS 0x0000000712c00000, 0x0000000712c00000| Complete 
| 249|0x0000000712d00000, 0x0000000712e00000, 0x0000000712e00000|100%| E|CS|TAMS 0x0000000712d00000, 0x0000000712d00000| Complete 
| 250|0x0000000712e00000, 0x0000000712f00000, 0x0000000712f00000|100%| E|CS|TAMS 0x0000000712e00000, 0x0000000712e00000| Complete 
| 251|0x0000000712f00000, 0x0000000713000000, 0x0000000713000000|100%| E|CS|TAMS 0x0000000712f00000, 0x0000000712f00000| Complete 
| 252|0x0000000713000000, 0x0000000713100000, 0x0000000713100000|100%| E|CS|TAMS 0x0000000713000000, 0x0000000713000000| Complete 
| 253|0x0000000713100000, 0x0000000713200000, 0x0000000713200000|100%| E|CS|TAMS 0x0000000713100000, 0x0000000713100000| Complete 

Card table byte_map: [0x0000020bab170000,0x0000020bab960000] _byte_map_base: 0x0000020ba7956000

Marking Bits (Prev, Next): (CMBitMap*) 0x0000020b92f96100, (CMBitMap*) 0x0000020b92f960c8
 Prev Bits: [0x0000020bb0080000, 0x0000020bb3fb0000)
 Next Bits: [0x0000020bac150000, 0x0000020bb0080000)

Polling page: 0x0000020b910d0000

Metaspace:

Usage:
  Non-class:     24.38 MB capacity,    23.81 MB ( 98%) used,   481.70 KB (  2%) free+waste,    99.94 KB ( <1%) overhead. 
      Class:      3.79 MB capacity,     3.46 MB ( 91%) used,   284.88 KB (  7%) free+waste,    49.44 KB (  1%) overhead. 
       Both:     28.17 MB capacity,    27.27 MB ( 97%) used,   766.57 KB (  3%) free+waste,   149.38 KB ( <1%) overhead. 

Virtual space:
  Non-class space:       26.00 MB reserved,      24.50 MB ( 94%) committed 
      Class space:        1.00 GB reserved,       3.88 MB ( <1%) committed 
             Both:        1.03 GB reserved,      28.38 MB (  3%) committed 

Chunk freelists:
   Non-Class:  0 bytes
       Class:  23.00 KB
        Both:  23.00 KB

MaxMetaspaceSize: 17179869184.00 GB
CompressedClassSpaceSize: 1.00 GB
Initial GC threshold: 20.80 MB
Current GC threshold: 34.79 MB
CDS: off

CodeHeap 'non-profiled nmethods': size=120000Kb used=1041Kb max_used=1041Kb free=118959Kb
 bounds [0x0000020ba3120000, 0x0000020ba3390000, 0x0000020baa650000]
CodeHeap 'profiled nmethods': size=120000Kb used=4617Kb max_used=4617Kb free=115382Kb
 bounds [0x0000020b9bbf0000, 0x0000020b9c080000, 0x0000020ba3120000]
CodeHeap 'non-nmethods': size=5760Kb used=1186Kb max_used=1221Kb free=4573Kb
 bounds [0x0000020b9b650000, 0x0000020b9b8c0000, 0x0000020b9bbf0000]
 total_blobs=2757 nmethods=2317 adapters=352
 compilation: enabled
              stopped_count=0, restarted_count=0
 full_count=0

Compilation events (20 events):
Event: 1.843 Thread 0x0000020bb7464000 nmethod 2309 0x0000020b9c064f90 code [0x0000020b9c065380, 0x0000020b9c067708]
Event: 1.843 Thread 0x0000020bb7464000 2308       3       java.lang.invoke.SimpleMethodHandle::<init> (7 bytes)
Event: 1.843 Thread 0x0000020bb7464000 nmethod 2308 0x0000020b9c068010 code [0x0000020b9c0681e0, 0x0000020b9c068388]
Event: 1.843 Thread 0x0000020bb7464000 2310       3       java.lang.invoke.MethodHandles::makeIdentity (23 bytes)
Event: 1.844 Thread 0x0000020bb7464000 nmethod 2310 0x0000020b9c068490 code [0x0000020b9c068720, 0x0000020b9c0693f8]
Event: 1.845 Thread 0x0000020bb7464000 2311   !   3       com.sun.proxy.$Proxy5::annotationType (29 bytes)
Event: 1.845 Thread 0x0000020bb7464000 nmethod 2311 0x0000020b9c069890 code [0x0000020b9c069a80, 0x0000020b9c069e98]
Event: 1.845 Thread 0x0000020bb7464000 2312       3       java.lang.reflect.AccessibleObject::checkCanSetAccessible (386 bytes)
Event: 1.846 Thread 0x0000020bb7457000 nmethod 2297 0x0000020ba3221790 code [0x0000020ba3221980, 0x0000020ba3222728]
Event: 1.846 Thread 0x0000020bb7457000 2305       4       java.lang.Character::toLowerCase (9 bytes)
Event: 1.847 Thread 0x0000020bb7457000 nmethod 2305 0x0000020ba3222d10 code [0x0000020ba3222ec0, 0x0000020ba3222fd8]
Event: 1.849 Thread 0x0000020bb7457000 2316       4       java.lang.String::regionMatches (150 bytes)
Event: 1.849 Thread 0x0000020bb7464000 nmethod 2312 0x0000020b9c06a090 code [0x0000020b9c06a880, 0x0000020b9c06eca8]
Event: 1.849 Thread 0x0000020bb7464000 2313       3       java.util.stream.ReferencePipeline::map (26 bytes)
Event: 1.849 Thread 0x0000020bb7464000 nmethod 2313 0x0000020b9c070310 code [0x0000020b9c070500, 0x0000020b9c070a38]
Event: 1.849 Thread 0x0000020bb7464000 2314       3       java.util.stream.ReferencePipeline$3::<init> (20 bytes)
Event: 1.849 Thread 0x0000020bb7464000 nmethod 2314 0x0000020b9c070c90 code [0x0000020b9c070e60, 0x0000020b9c071148]
Event: 1.849 Thread 0x0000020bb7464000 2315       1       java.util.stream.Collectors$CollectorImpl::finisher (5 bytes)
Event: 1.849 Thread 0x0000020bb7464000 nmethod 2315 0x0000020ba3223110 code [0x0000020ba32232c0, 0x0000020ba3223378]
Event: 1.852 Thread 0x0000020bb7464000 2317       3       java.lang.String::isLatin1 (19 bytes)

GC Heap History (6 events):
Event: 0.666 GC heap before
{Heap before GC invocations=0 (full 0):
 garbage-first heap   total 260096K, used 23552K [0x0000000703400000, 0x0000000800000000)
  region size 1024K, 24 young (24576K), 0 survivors (0K)
 Metaspace       used 13260K, capacity 13697K, committed 13952K, reserved 1060864K
  class space    used 1382K, capacity 1551K, committed 1664K, reserved 1048576K
}
Event: 0.671 GC heap after
{Heap after GC invocations=1 (full 0):
 garbage-first heap   total 260096K, used 4989K [0x0000000703400000, 0x0000000800000000)
  region size 1024K, 3 young (3072K), 3 survivors (3072K)
 Metaspace       used 13260K, capacity 13697K, committed 13952K, reserved 1060864K
  class space    used 1382K, capacity 1551K, committed 1664K, reserved 1048576K
}
Event: 1.259 GC heap before
{Heap before GC invocations=1 (full 0):
 garbage-first heap   total 260096K, used 34685K [0x0000000703400000, 0x0000000800000000)
  region size 1024K, 33 young (33792K), 3 survivors (3072K)
 Metaspace       used 20269K, capacity 21028K, committed 21248K, reserved 1069056K
  class space    used 2304K, capacity 2558K, committed 2560K, reserved 1048576K
}
Event: 1.265 GC heap after
{Heap after GC invocations=2 (full 0):
 garbage-first heap   total 260096K, used 7373K [0x0000000703400000, 0x0000000800000000)
  region size 1024K, 6 young (6144K), 6 survivors (6144K)
 Metaspace       used 20269K, capacity 21028K, committed 21248K, reserved 1069056K
  class space    used 2304K, capacity 2558K, committed 2560K, reserved 1048576K
}
Event: 1.774 GC heap before
{Heap before GC invocations=3 (full 0):
 garbage-first heap   total 260096K, used 43213K [0x0000000703400000, 0x0000000800000000)
  region size 1024K, 41 young (41984K), 6 survivors (6144K)
 Metaspace       used 26711K, capacity 27549K, committed 27776K, reserved 1073152K
  class space    used 3313K, capacity 3621K, committed 3712K, reserved 1048576K
}
Event: 1.779 GC heap after
{Heap after GC invocations=4 (full 0):
 garbage-first heap   total 260096K, used 8146K [0x0000000703400000, 0x0000000800000000)
  region size 1024K, 4 young (4096K), 4 survivors (4096K)
 Metaspace       used 26711K, capacity 27549K, committed 27776K, reserved 1073152K
  class space    used 3313K, capacity 3621K, committed 3712K, reserved 1048576K
}

Deoptimization events (20 events):
Event: 1.531 Thread 0x0000020b92f32800 DEOPT PACKING pc=0x0000020ba31d787c sp=0x000000ec747fc940
Event: 1.531 Thread 0x0000020b92f32800 DEOPT UNPACKING pc=0x0000020b9b69a1af sp=0x000000ec747fc8d0 mode 2
Event: 1.538 Thread 0x0000020b92f32800 DEOPT PACKING pc=0x0000020b9bfc07f8 sp=0x000000ec747fbb90
Event: 1.538 Thread 0x0000020b92f32800 DEOPT UNPACKING pc=0x0000020b9b69a95e sp=0x000000ec747fb098 mode 0
Event: 1.548 Thread 0x0000020b92f32800 Uncommon trap: trap_request=0xffffff4d fr.pc=0x0000020ba31dc2b8 relative=0x0000000000000278
Event: 1.548 Thread 0x0000020b92f32800 Uncommon trap: reason=unstable_if action=reinterpret pc=0x0000020ba31dc2b8 method=java.util.LinkedHashMap.get(Ljava/lang/Object;)Ljava/lang/Object; @ 20 c2
Event: 1.548 Thread 0x0000020b92f32800 DEOPT PACKING pc=0x0000020ba31dc2b8 sp=0x000000ec747fd030
Event: 1.548 Thread 0x0000020b92f32800 DEOPT UNPACKING pc=0x0000020b9b69a1af sp=0x000000ec747fcfe8 mode 2
Event: 1.833 Thread 0x0000020b92f32800 Uncommon trap: trap_request=0xffffff4d fr.pc=0x0000020ba3133f64 relative=0x0000000000000044
Event: 1.833 Thread 0x0000020b92f32800 Uncommon trap: reason=unstable_if action=reinterpret pc=0x0000020ba3133f64 method=java.lang.CharacterData.of(I)Ljava/lang/CharacterData; @ 4 c2
Event: 1.833 Thread 0x0000020b92f32800 DEOPT PACKING pc=0x0000020ba3133f64 sp=0x000000ec747fbfd0
Event: 1.833 Thread 0x0000020b92f32800 DEOPT UNPACKING pc=0x0000020b9b69a1af sp=0x000000ec747fbf68 mode 2
Event: 1.834 Thread 0x0000020b92f32800 Uncommon trap: trap_request=0xffffff4d fr.pc=0x0000020ba3121778 relative=0x0000000000000058
Event: 1.834 Thread 0x0000020b92f32800 Uncommon trap: reason=unstable_if action=reinterpret pc=0x0000020ba3121778 method=java.lang.String.isLatin1()Z @ 10 c2
Event: 1.834 Thread 0x0000020b92f32800 DEOPT PACKING pc=0x0000020ba3121778 sp=0x000000ec747fb3f0
Event: 1.834 Thread 0x0000020b92f32800 DEOPT UNPACKING pc=0x0000020b9b69a1af sp=0x000000ec747fb380 mode 2
Event: 1.835 Thread 0x0000020b92f32800 Uncommon trap: trap_request=0xffffff4d fr.pc=0x0000020ba312949c relative=0x00000000000001fc
Event: 1.835 Thread 0x0000020b92f32800 Uncommon trap: reason=unstable_if action=reinterpret pc=0x0000020ba312949c method=java.lang.String.isLatin1()Z @ 10 c2
Event: 1.835 Thread 0x0000020b92f32800 DEOPT PACKING pc=0x0000020ba312949c sp=0x000000ec747fc870
Event: 1.835 Thread 0x0000020b92f32800 DEOPT UNPACKING pc=0x0000020b9b69a1af sp=0x000000ec747fc798 mode 2

Classes redefined (0 events):
No events

Internal exceptions (20 events):
Event: 1.511 Thread 0x0000020b92f32800 Exception <a 'java/lang/ClassNotFoundException'{0x000000071234fba0}: com/zamkovyi/mostvaluableplayer2/service/impl/BasketballPlayerServiceImplCustomizer> (0x000000071234fba0) thrown at [./src/hotspot/share/classfile/systemDictionary.cpp, line 231]
Event: 1.512 Thread 0x0000020b92f32800 Exception <a 'java/lang/ClassNotFoundException'{0x000000071235f428}: com/zamkovyi/mostvaluableplayer2/service/BasketballPlayerServiceCustomizer> (0x000000071235f428) thrown at [./src/hotspot/share/classfile/systemDictionary.cpp, line 231]
Event: 1.512 Thread 0x0000020b92f32800 Exception <a 'java/lang/ClassNotFoundException'{0x0000000712365b98}: java/lang/ObjectCustomizer> (0x0000000712365b98) thrown at [./src/hotspot/share/classfile/systemDictionary.cpp, line 231]
Event: 1.513 Thread 0x0000020b92f32800 Exception <a 'java/lang/ClassNotFoundException'{0x00000007123758e0}: com/zamkovyi/mostvaluableplayer2/service/impl/FileServiceImplCustomizer> (0x00000007123758e0) thrown at [./src/hotspot/share/classfile/systemDictionary.cpp, line 231]
Event: 1.514 Thread 0x0000020b92f32800 Exception <a 'java/lang/ClassNotFoundException'{0x00000007123891a8}: com/zamkovyi/mostvaluableplayer2/service/FileServiceCustomizer> (0x00000007123891a8) thrown at [./src/hotspot/share/classfile/systemDictionary.cpp, line 231]
Event: 1.515 Thread 0x0000020b92f32800 Exception <a 'java/lang/ClassNotFoundException'{0x0000000712392800}: java/lang/ObjectCustomizer> (0x0000000712392800) thrown at [./src/hotspot/share/classfile/systemDictionary.cpp, line 231]
Event: 1.515 Thread 0x0000020b92f32800 Exception <a 'java/lang/ClassNotFoundException'{0x00000007123a30c8}: com/zamkovyi/mostvaluableplayer2/service/impl/HandballPlayerServiceImplCustomizer> (0x00000007123a30c8) thrown at [./src/hotspot/share/classfile/systemDictionary.cpp, line 231]
Event: 1.516 Thread 0x0000020b92f32800 Exception <a 'java/lang/ClassNotFoundException'{0x00000007123b2598}: com/zamkovyi/mostvaluableplayer2/service/HandballPlayerServiceCustomizer> (0x00000007123b2598) thrown at [./src/hotspot/share/classfile/systemDictionary.cpp, line 231]
Event: 1.520 Thread 0x0000020b92f32800 Exception <a 'java/lang/ClassNotFoundException'{0x00000007123db088}: java/lang/ObjectCustomizer> (0x00000007123db088) thrown at [./src/hotspot/share/classfile/systemDictionary.cpp, line 231]
Event: 1.520 Thread 0x0000020b92f32800 Exception <a 'java/lang/ClassNotFoundException'{0x00000007123eadd0}: com/zamkovyi/mostvaluableplayer2/service/impl/TeamServiceImplCustomizer> (0x00000007123eadd0) thrown at [./src/hotspot/share/classfile/systemDictionary.cpp, line 231]
Event: 1.521 Thread 0x0000020b92f32800 Exception <a 'java/lang/ClassNotFoundException'{0x00000007123fa808}: com/zamkovyi/mostvaluableplayer2/service/TeamServiceCustomizer> (0x00000007123fa808) thrown at [./src/hotspot/share/classfile/systemDictionary.cpp, line 231]
Event: 1.522 Thread 0x0000020b92f32800 Exception <a 'java/lang/ClassNotFoundException'{0x00000007122016f8}: java/lang/ObjectCustomizer> (0x00000007122016f8) thrown at [./src/hotspot/share/classfile/systemDictionary.cpp, line 231]
Event: 1.522 Thread 0x0000020b92f32800 Exception <a 'java/lang/ClassNotFoundException'{0x0000000712211460}: com/zamkovyi/mostvaluableplayer2/service/impl/MatchServiceImplCustomizer> (0x0000000712211460) thrown at [./src/hotspot/share/classfile/systemDictionary.cpp, line 231]
Event: 1.523 Thread 0x0000020b92f32800 Exception <a 'java/lang/ClassNotFoundException'{0x0000000712224318}: com/zamkovyi/mostvaluableplayer2/service/MatchServiceCustomizer> (0x0000000712224318) thrown at [./src/hotspot/share/classfile/systemDictionary.cpp, line 231]
Event: 1.524 Thread 0x0000020b92f32800 Exception <a 'java/lang/ClassNotFoundException'{0x0000000712232840}: java/lang/ObjectCustomizer> (0x0000000712232840) thrown at [./src/hotspot/share/classfile/systemDictionary.cpp, line 231]
Event: 1.525 Thread 0x0000020b92f32800 Exception <a 'java/lang/ClassNotFoundException'{0x0000000712242db8}: com/zamkovyi/mostvaluableplayer2/service/impl/TournamentServiceImplCustomizer> (0x0000000712242db8) thrown at [./src/hotspot/share/classfile/systemDictionary.cpp, line 231]
Event: 1.526 Thread 0x0000020b92f32800 Exception <a 'java/lang/ClassNotFoundException'{0x00000007122553f0}: com/zamkovyi/mostvaluableplayer2/service/TournamentServiceCustomizer> (0x00000007122553f0) thrown at [./src/hotspot/share/classfile/systemDictionary.cpp, line 231]
Event: 1.541 Thread 0x0000020b92f32800 Exception <a 'java/lang/ClassNotFoundException'{0x00000007122e6990}: java/lang/ObjectCustomizer> (0x00000007122e6990) thrown at [./src/hotspot/share/classfile/systemDictionary.cpp, line 231]
Event: 1.542 Thread 0x0000020b92f32800 Exception <a 'java/lang/ClassNotFoundException'{0x00000007122f74c0}: com/zamkovyi/mostvaluableplayer2/service/impl/BasketballPlayerServiceImplTestCustomizer> (0x00000007122f74c0) thrown at [./src/hotspot/share/classfile/systemDictionary.cpp, line 231]
Event: 1.774 Thread 0x0000020b92f32800 Exception <a 'java/lang/ClassNotFoundException'{0x00000007109fd750}: java/lang/ClassLoader$ByteBuddyAccessor$9SFngK2Z> (0x00000007109fd750) thrown at [./src/hotspot/share/classfile/systemDictionary.cpp, line 231]

Events (20 events):
Event: 1.845 loading class org/junit/platform/launcher/TestIdentifier
Event: 1.845 loading class org/junit/platform/launcher/TestIdentifier done
Event: 1.845 loading class org/junit/platform/launcher/TestIdentifier
Event: 1.845 loading class org/junit/platform/launcher/TestIdentifier done
Event: 1.848 loading class org/springframework/restdocs/ManualRestDocumentation
Event: 1.848 loading class org/springframework/restdocs/ManualRestDocumentation done
Event: 1.848 loading class org/springframework/restdocs$ManualRestDocumentation
Event: 1.848 loading class org/springframework/restdocs$ManualRestDocumentation done
Event: 1.848 loading class com/zamkovyi/mostvaluableplayer2/service/impl/BasketballPlayerServiceImplTest
Event: 1.848 loading class com/zamkovyi/mostvaluableplayer2/service/impl/BasketballPlayerServiceImplTest done
Event: 1.849 loading class org/assertj/core/api/ThrowableAssert$ThrowingCallable
Event: 1.849 loading class org/assertj/core/api/ThrowableAssert$ThrowingCallable done
Event: 1.849 loading class org/assertj/core/api/Assertions
Event: 1.849 loading class org/assertj/core/api/Assertions done
Event: 1.850 loading class org/assertj/core/api/InstanceOfAssertFactories
Event: 1.850 loading class org/assertj/core/api/InstanceOfAssertFactories done
Event: 1.851 loading class org/assertj/core/api/AbstractBigIntegerAssert
Event: 1.851 loading class org/assertj/core/api/AbstractBigIntegerAssert done
Event: 1.852 loading class org/assertj/core/api/NumberAssert
Event: 1.852 loading class org/assertj/core/api/NumberAssert done


Dynamic libraries:
0x00007ff6359d0000 - 0x00007ff6359dd000 	C:\Users\Alex\.jdks\corretto-11.0.12\bin\java.exe
0x00007ffcc0490000 - 0x00007ffcc0685000 	C:\Windows\SYSTEM32\ntdll.dll
0x00007ffcbe500000 - 0x00007ffcbe5bd000 	C:\Windows\System32\KERNEL32.DLL
0x00007ffcbde30000 - 0x00007ffcbe0f9000 	C:\Windows\System32\KERNELBASE.dll
0x00007ffcbdd30000 - 0x00007ffcbde30000 	C:\Windows\System32\ucrtbase.dll
0x00007ffcb2bd0000 - 0x00007ffcb2be9000 	C:\Users\Alex\.jdks\corretto-11.0.12\bin\VCRUNTIME140.dll
0x00007ffcb4330000 - 0x00007ffcb4347000 	C:\Users\Alex\.jdks\corretto-11.0.12\bin\jli.dll
0x00007ffcbf920000 - 0x00007ffcbfac0000 	C:\Windows\System32\USER32.dll
0x00007ffcbdd00000 - 0x00007ffcbdd22000 	C:\Windows\System32\win32u.dll
0x00007ffcbe770000 - 0x00007ffcbe79a000 	C:\Windows\System32\GDI32.dll
0x00007ffca87e0000 - 0x00007ffca8a7a000 	C:\Windows\WinSxS\amd64_microsoft.windows.common-controls_6595b64144ccf1df_6.0.19041.1110_none_60b5254171f9507e\COMCTL32.dll
0x00007ffcbe350000 - 0x00007ffcbe45b000 	C:\Windows\System32\gdi32full.dll
0x00007ffcbe5c0000 - 0x00007ffcbe65e000 	C:\Windows\System32\msvcrt.dll
0x00007ffcbe460000 - 0x00007ffcbe4fd000 	C:\Windows\System32\msvcp_win.dll
0x00007ffcbf1d0000 - 0x00007ffcbf200000 	C:\Windows\System32\IMM32.DLL
0x00007ffca6b40000 - 0x00007ffca6bdb000 	C:\Users\Alex\.jdks\corretto-11.0.12\bin\msvcp140.dll
0x00007ffc79f40000 - 0x00007ffc7aa9a000 	C:\Users\Alex\.jdks\corretto-11.0.12\bin\server\jvm.dll
0x00007ffcbf070000 - 0x00007ffcbf11c000 	C:\Windows\System32\ADVAPI32.dll
0x00007ffcbe7a0000 - 0x00007ffcbe83b000 	C:\Windows\System32\sechost.dll
0x00007ffcbf7f0000 - 0x00007ffcbf91a000 	C:\Windows\System32\RPCRT4.dll
0x00007ffcbfac0000 - 0x00007ffcbfac8000 	C:\Windows\System32\PSAPI.DLL
0x00007ffca9470000 - 0x00007ffca9479000 	C:\Windows\SYSTEM32\WSOCK32.dll
0x00007ffcb1560000 - 0x00007ffcb156a000 	C:\Windows\SYSTEM32\VERSION.dll
0x00007ffca0130000 - 0x00007ffca0157000 	C:\Windows\SYSTEM32\WINMM.dll
0x00007ffcbefa0000 - 0x00007ffcbf00b000 	C:\Windows\System32\WS2_32.dll
0x00007ffcbc450000 - 0x00007ffcbc462000 	C:\Windows\SYSTEM32\kernel.appcore.dll
0x00007ffcb5cd0000 - 0x00007ffcb5ce0000 	C:\Users\Alex\.jdks\corretto-11.0.12\bin\verify.dll
0x00007ffcbc170000 - 0x00007ffcbc354000 	C:\Windows\SYSTEM32\DBGHELP.DLL
0x00007ffcae8b0000 - 0x00007ffcae8dc000 	C:\Windows\SYSTEM32\dbgcore.DLL
0x00007ffcbe260000 - 0x00007ffcbe2e3000 	C:\Windows\System32\bcryptPrimitives.dll
0x00007ffcad4f0000 - 0x00007ffcad518000 	C:\Users\Alex\.jdks\corretto-11.0.12\bin\java.dll
0x00007ffcadca0000 - 0x00007ffcadcaa000 	C:\Users\Alex\.jdks\corretto-11.0.12\bin\jimage.dll
0x00007ffcadc90000 - 0x00007ffcadc9e000 	C:\Users\Alex\.jdks\corretto-11.0.12\bin\instrument.dll
0x00007ffcad4d0000 - 0x00007ffcad4e7000 	C:\Users\Alex\.jdks\corretto-11.0.12\bin\zip.dll
0x00007ffcbfad0000 - 0x00007ffcc020f000 	C:\Windows\System32\SHELL32.dll
0x00007ffcbb900000 - 0x00007ffcbc091000 	C:\Windows\SYSTEM32\windows.storage.dll
0x00007ffcbf200000 - 0x00007ffcbf555000 	C:\Windows\System32\combase.dll
0x00007ffcbd560000 - 0x00007ffcbd58c000 	C:\Windows\SYSTEM32\Wldp.dll
0x00007ffcbe660000 - 0x00007ffcbe70e000 	C:\Windows\System32\SHCORE.dll
0x00007ffcbe710000 - 0x00007ffcbe765000 	C:\Windows\System32\shlwapi.dll
0x00007ffcbdb10000 - 0x00007ffcbdb2f000 	C:\Windows\SYSTEM32\profapi.dll
0x00007ffcad430000 - 0x00007ffcad449000 	C:\Users\Alex\.jdks\corretto-11.0.12\bin\net.dll
0x00007ffcb5420000 - 0x00007ffcb552a000 	C:\Windows\SYSTEM32\WINHTTP.dll
0x00007ffcbd340000 - 0x00007ffcbd3aa000 	C:\Windows\system32\mswsock.dll
0x00007ffcad410000 - 0x00007ffcad422000 	C:\Users\Alex\.jdks\corretto-11.0.12\bin\nio.dll
0x00007ffcabde0000 - 0x00007ffcabdfa000 	C:\Program Files\JetBrains\IntelliJ IDEA 2021.1\bin\breakgen64.dll
0x00007ffcad980000 - 0x00007ffcad989000 	C:\Users\Alex\.jdks\corretto-11.0.12\bin\management.dll
0x00007ffcad870000 - 0x00007ffcad87b000 	C:\Users\Alex\.jdks\corretto-11.0.12\bin\management_ext.dll
0x00007ffca5110000 - 0x00007ffca5127000 	C:\Windows\system32\napinsp.dll
0x00007ffca50f0000 - 0x00007ffca510b000 	C:\Windows\system32\pnrpnsp.dll
0x00007ffcb5900000 - 0x00007ffcb5915000 	C:\Windows\system32\wshbth.dll
0x00007ffcb5530000 - 0x00007ffcb554d000 	C:\Windows\system32\NLAapi.dll
0x00007ffcbd000000 - 0x00007ffcbd03b000 	C:\Windows\SYSTEM32\IPHLPAPI.DLL
0x00007ffcbd050000 - 0x00007ffcbd11c000 	C:\Windows\SYSTEM32\DNSAPI.dll
0x00007ffcbe840000 - 0x00007ffcbe848000 	C:\Windows\System32\NSI.dll
0x00007ffca50d0000 - 0x00007ffca50e2000 	C:\Windows\System32\winrnr.dll
0x00007ffcb49d0000 - 0x00007ffcb49da000 	C:\Windows\System32\rasadhlp.dll
0x00007ffcb2990000 - 0x00007ffcb2a0f000 	C:\Windows\System32\fwpuclnt.dll
0x00007ffcbdc80000 - 0x00007ffcbdca7000 	C:\Windows\System32\bcrypt.dll

dbghelp: loaded successfully - version: 4.0.5 - missing functions: none
symbol engine: initialized successfully - sym options: 0x614 - pdb path: .;C:\Users\Alex\.jdks\corretto-11.0.12\bin;C:\Windows\SYSTEM32;C:\Windows\WinSxS\amd64_microsoft.windows.common-controls_6595b64144ccf1df_6.0.19041.1110_none_60b5254171f9507e;C:\Users\Alex\.jdks\corretto-11.0.12\bin\server;C:\Program Files\JetBrains\IntelliJ IDEA 2021.1\bin

VM Arguments:
jvm_args: -ea -Didea.test.cyclic.buffer.size=1048576 -javaagent:C:\Program Files\JetBrains\IntelliJ IDEA 2021.1\lib\idea_rt.jar=55177:C:\Program Files\JetBrains\IntelliJ IDEA 2021.1\bin -Dfile.encoding=UTF-8 
java_command: com.intellij.rt.junit.JUnitStarter -ideVersion5 -junit5 com.zamkovyi.mostvaluableplayer2.service.impl.BasketballPlayerServiceImplTest
java_class_path (initial): C:\Program Files\JetBrains\IntelliJ IDEA 2021.1\lib\idea_rt.jar;C:\Users\Alex\.m2\repository\org\junit\platform\junit-platform-launcher\1.7.2\junit-platform-launcher-1.7.2.jar;C:\Program Files\JetBrains\IntelliJ IDEA 2021.1\plugins\junit\lib\junit5-rt.jar;C:\Program Files\JetBrains\IntelliJ IDEA 2021.1\plugins\junit\lib\junit-rt.jar;C:\Users\Alex\IdeaProjects\MostValuablePlayer2\target\test-classes;C:\Users\Alex\IdeaProjects\MostValuablePlayer2\target\classes;C:\Users\Alex\.m2\repository\org\springframework\spring-core\5.3.9\spring-core-5.3.9.jar;C:\Users\Alex\.m2\repository\org\springframework\spring-jcl\5.3.9\spring-jcl-5.3.9.jar;C:\Users\Alex\.m2\repository\org\springframework\spring-context\5.3.9\spring-context-5.3.9.jar;C:\Users\Alex\.m2\repository\org\springframework\spring-aop\5.3.9\spring-aop-5.3.9.jar;C:\Users\Alex\.m2\repository\org\springframework\spring-beans\5.3.9\spring-beans-5.3.9.jar;C:\Users\Alex\.m2\repository\org\springframework\spring-expression\5.3.9\spring-expression-5.3.9.jar;C:\Users\Alex\.m2\repository\org\projectlombok\lombok\1.18.20\lombok-1.18.20.jar;C:\Users\Alex\.m2\repository\org\springframework\boot\spring-boot-starter-test\2.5.3\spring-boot-starter-test-2.5.3.jar;C:\Users\Alex\.m2\repository\org\springframework\boot\spring-boot-starter\2.5.3\spring-boot-starter-2.5.3.jar;C:\Users\Alex\.m2\repository\org\springframework\boot\spring-boot\2.5.3\spring-boot-2.5.3.jar;C:\Users\Alex\.m2\repository\org\springframework\boot\spring-boot-autoconfigure\2.5.3\spring-boot-autoconfigure-2.5.3.jar;C:\Users\Alex\.m2\repository\org\springframework\boot\spring-boot-starter-logging\2.5.3\spring-boot-starter-logging-2.5.3.jar;C:\Users\Alex\.m2\repository\ch\qos\logback\logback-classic\1.2.4\logback-classic-1.2.4.jar;C:\Users\Alex\.m2\repository\ch\qos\logback\logback-core\1.2.4\logback-core-1.2.4.jar;C:\Users\Alex\.m2\repository\org\apache\logging\log4j\log4j-to-slf4j\2.14.1\log4j-to-slf4j-2.14.1.jar;C:\Users\Alex\.m2\reposi
Launcher Type: SUN_STANDARD

[Global flags]
     intx CICompilerCount                          = 4                                         {product} {ergonomic}
     uint ConcGCThreads                            = 2                                         {product} {ergonomic}
     uint G1ConcRefinementThreads                  = 8                                         {product} {ergonomic}
   size_t G1HeapRegionSize                         = 1048576                                   {product} {ergonomic}
    uintx GCDrainStackTargetSize                   = 64                                        {product} {ergonomic}
   size_t InitialHeapSize                          = 266338304                                 {product} {ergonomic}
   size_t MarkStackSize                            = 4194304                                   {product} {ergonomic}
   size_t MaxHeapSize                              = 4240441344                                {product} {ergonomic}
   size_t MaxNewSize                               = 2543845376                                {product} {ergonomic}
   size_t MinHeapDeltaBytes                        = 1048576                                   {product} {ergonomic}
    uintx NonNMethodCodeHeapSize                   = 5836300                                {pd product} {ergonomic}
    uintx NonProfiledCodeHeapSize                  = 122910970                              {pd product} {ergonomic}
    uintx ProfiledCodeHeapSize                     = 122910970                              {pd product} {ergonomic}
    uintx ReservedCodeCacheSize                    = 251658240                              {pd product} {ergonomic}
     bool SegmentedCodeCache                       = true                                      {product} {ergonomic}
     bool UseCompressedClassPointers               = true                                 {lp64_product} {ergonomic}
     bool UseCompressedOops                        = true                                 {lp64_product} {ergonomic}
     bool UseG1GC                                  = true                                      {product} {ergonomic}
     bool UseLargePagesIndividualAllocation        = false                                  {pd product} {ergonomic}

Logging:
Log output configuration:
 #0: stdout all=warning uptime,level,tags
 #1: stderr all=off uptime,level,tags

Environment Variables:
PATH=C:\Program Files (x86)\Common Files\Oracle\Java\javapath;C:\Windows\system32;C:\Windows;C:\Windows\System32\Wbem;C:\Windows\System32\WindowsPowerShell\v1.0\;C:\Windows\System32\OpenSSH\;C:\Program Files (x86)\NVIDIA Corporation\PhysX\Common;C:\Program Files\NVIDIA Corporation\NVIDIA NvDLISR;C:\Program Files\Git\cmd;C:\Users\Alex\AppData\Local\Microsoft\WindowsApps;
USERNAME=Alex
OS=Windows_NT
PROCESSOR_IDENTIFIER=Intel64 Family 6 Model 165 Stepping 2, GenuineIntel



---------------  S Y S T E M  ---------------

OS: Windows 10 , 64 bit Build 19041 (10.0.19041.1023)
OS uptime: 7 days 1:54 hours
Hyper-V role detected

CPU:total 8 (initial active 8) (4 cores per cpu, 2 threads per core) family 6 model 165 stepping 2 microcode 0xe0, cmov, cx8, fxsr, mmx, sse, sse2, sse3, ssse3, sse4.1, sse4.2, popcnt, avx, avx2, aes, clmul, erms, 3dnowpref, lzcnt, ht, tsc, tscinvbit, bmi1, bmi2, adx, fma

Memory: 4k page, system-wide physical 16171M (3083M free)
TotalPageFile size 32337M (AvailPageFile size 5M)
current process WorkingSet (physical memory assigned to process): 151M, peak: 151M
current process commit charge ("private bytes"): 401M, peak: 401M

vm_info: OpenJDK 64-Bit Server VM (11.0.12+7-LTS) for windows-amd64 JRE (11.0.12+7-LTS), built on Jul 13 2021 17:58:36 by "Administrator" with unknown MS VC++:1916

END.
