#
# There is insufficient memory for the Java Runtime Environment to continue.
# Native memory allocation (malloc) failed to allocate 1029296 bytes for Chunk::new
# Possible reasons:
#   The system is out of physical RAM or swap space
#   The process is running with CompressedOops enabled, and the Java Heap may be blocking the growth of the native heap
# Possible solutions:
#   Reduce memory load on the system
#   Increase physical memory or swap space
#   Check if swap backing store is full
#   Decrease Java heap size (-Xmx/-Xms)
#   Decrease number of Java threads
#   Decrease Java thread stack sizes (-Xss)
#   Set larger code cache with -XX:ReservedCodeCacheSize=
#   JVM is running with Zero Based Compressed Oops mode in which the Java heap is
#     placed in the first 32GB address space. The Java Heap base address is the
#     maximum limit for the native heap growth. Please use -XX:HeapBaseMinAddress
#     to set the Java Heap base and to place the Java Heap above 32GB virtual address.
# This output file may be truncated or incomplete.
#
#  Out of Memory Error (./src/hotspot/share/memory/arena.cpp:197), pid=25512, tid=23400
#
# JRE version: OpenJDK Runtime Environment Corretto-11.0.12.7.1 (11.0.12+7) (build 11.0.12+7-LTS)
# Java VM: OpenJDK 64-Bit Server VM Corretto-11.0.12.7.1 (11.0.12+7-LTS, mixed mode, tiered, compressed oops, g1 gc, windows-amd64)
# No core dump will be written. Minidumps are not enabled by default on client versions of Windows
#

---------------  S U M M A R Y ------------

Command Line: -ea -Didea.test.cyclic.buffer.size=1048576 -javaagent:C:\Program Files\JetBrains\IntelliJ IDEA 2021.1\lib\idea_rt.jar=60361:C:\Program Files\JetBrains\IntelliJ IDEA 2021.1\bin -Dfile.encoding=UTF-8 com.intellij.rt.junit.JUnitStarter -ideVersion5 -junit5 com.zamkovyi.mostvaluableplayer2.service.impl.BasketballPlayerServiceImplTest,shouldReturnValidBasketballPlayer

Host: Intel(R) Core(TM) i5-10300H CPU @ 2.50GHz, 8 cores, 15G,  Windows 10 , 64 bit Build 19041 (10.0.19041.1023)
Time: Fri Aug 13 12:06:48 2021 Финляндия (лето) elapsed time: 1.414584 seconds (0d 0h 0m 1s)

---------------  T H R E A D  ---------------

Current thread (0x000001dbfa898800):  JavaThread "C2 CompilerThread2" daemon [_thread_in_native, id=23400, stack(0x0000003481800000,0x0000003481900000)]


Current CompileTask:
C2:   1414 1836       4       java.net.URLStreamHandler::parseURL (1201 bytes)

Stack: [0x0000003481800000,0x0000003481900000]
Native frames: (J=compiled Java code, j=interpreted, Vv=VM code, C=native code)
V  [jvm.dll+0x601d7a]
V  [jvm.dll+0x78b45e]
V  [jvm.dll+0x78cb2f]
V  [jvm.dll+0x78d1f3]
V  [jvm.dll+0x24bc58]
V  [jvm.dll+0xc219c]
V  [jvm.dll+0xc275c]
V  [jvm.dll+0x3548d7]
V  [jvm.dll+0x19dd11]
V  [jvm.dll+0x205642]
V  [jvm.dll+0x20471d]
V  [jvm.dll+0x18990c]
V  [jvm.dll+0x213b57]
V  [jvm.dll+0x211d1b]
V  [jvm.dll+0x74f509]
V  [jvm.dll+0x748574]
V  [jvm.dll+0x600c16]
C  [ucrtbase.dll+0x21bb2]
C  [KERNEL32.DLL+0x17034]
C  [ntdll.dll+0x52651]


---------------  P R O C E S S  ---------------

Threads class SMR info:
_java_thread_list=0x000001dbfb330930, length=13, elements={
0x000001dbd57c1000, 0x000001dbf9c97800, 0x000001dbf9ca0800, 0x000001dbf9cf9800,
0x000001dbf9cfb000, 0x000001dbf9cfc000, 0x000001dbf9cff000, 0x000001dbf9d07800,
0x000001dbf9d09800, 0x000001dbf9e84000, 0x000001dbf9ea5000, 0x000001dbf9fde000,
0x000001dbfa898800
}

Java Threads: ( => current thread )
  0x000001dbd57c1000 JavaThread "main" [_thread_in_vm, id=17044, stack(0x0000003480500000,0x0000003480600000)]
  0x000001dbf9c97800 JavaThread "Reference Handler" daemon [_thread_blocked, id=4284, stack(0x0000003480c00000,0x0000003480d00000)]
  0x000001dbf9ca0800 JavaThread "Finalizer" daemon [_thread_blocked, id=8168, stack(0x0000003480d00000,0x0000003480e00000)]
  0x000001dbf9cf9800 JavaThread "Signal Dispatcher" daemon [_thread_blocked, id=5060, stack(0x0000003480e00000,0x0000003480f00000)]
  0x000001dbf9cfb000 JavaThread "Attach Listener" daemon [_thread_blocked, id=4136, stack(0x0000003480f00000,0x0000003481000000)]
  0x000001dbf9cfc000 JavaThread "Service Thread" daemon [_thread_blocked, id=28976, stack(0x0000003481000000,0x0000003481100000)]
  0x000001dbf9cff000 JavaThread "C2 CompilerThread0" daemon [_thread_blocked, id=15280, stack(0x0000003481100000,0x0000003481200000)]
  0x000001dbf9d07800 JavaThread "C1 CompilerThread0" daemon [_thread_blocked, id=19828, stack(0x0000003481200000,0x0000003481300000)]
  0x000001dbf9d09800 JavaThread "Sweeper thread" daemon [_thread_blocked, id=8956, stack(0x0000003481300000,0x0000003481400000)]
  0x000001dbf9e84000 JavaThread "Common-Cleaner" daemon [_thread_blocked, id=27584, stack(0x0000003481400000,0x0000003481500000)]
  0x000001dbf9ea5000 JavaThread "C2 CompilerThread1" daemon [_thread_blocked, id=24396, stack(0x0000003481500000,0x0000003481600000)]
  0x000001dbf9fde000 JavaThread "Monitor Ctrl-Break" daemon [_thread_in_native, id=18636, stack(0x0000003481600000,0x0000003481700000)]
=>0x000001dbfa898800 JavaThread "C2 CompilerThread2" daemon [_thread_in_native, id=23400, stack(0x0000003481800000,0x0000003481900000)]

Other Threads:
  0x000001dbf9c73000 VMThread "VM Thread" [stack: 0x0000003480b00000,0x0000003480c00000] [id=29184]
  0x000001dbfa14c000 WatcherThread [stack: 0x0000003481700000,0x0000003481800000] [id=13584]
  0x000001dbd57d8800 GCTaskThread "GC Thread#0" [stack: 0x0000003480600000,0x0000003480700000] [id=28776]
  0x000001dbfb153800 GCTaskThread "GC Thread#1" [stack: 0x0000003481900000,0x0000003481a00000] [id=15056]
  0x000001dbfaece800 GCTaskThread "GC Thread#2" [stack: 0x0000003481a00000,0x0000003481b00000] [id=3844]
  0x000001dbfa8e4800 GCTaskThread "GC Thread#3" [stack: 0x0000003481b00000,0x0000003481c00000] [id=4724]
  0x000001dbfa89e800 GCTaskThread "GC Thread#4" [stack: 0x0000003481c00000,0x0000003481d00000] [id=26764]
  0x000001dbfa89f800 GCTaskThread "GC Thread#5" [stack: 0x0000003481d00000,0x0000003481e00000] [id=18924]
  0x000001dbd5835000 ConcurrentGCThread "G1 Main Marker" [stack: 0x0000003480700000,0x0000003480800000] [id=23148]
  0x000001dbd5837000 ConcurrentGCThread "G1 Conc#0" [stack: 0x0000003480800000,0x0000003480900000] [id=17560]
  0x000001dbfb37d000 ConcurrentGCThread "G1 Conc#1" [stack: 0x0000003481e00000,0x0000003481f00000] [id=28732]
  0x000001dbf92d2000 ConcurrentGCThread "G1 Refine#0" [stack: 0x0000003480900000,0x0000003480a00000] [id=23652]
  0x000001dbf92d4000 ConcurrentGCThread "G1 Young RemSet Sampling" [stack: 0x0000003480a00000,0x0000003480b00000] [id=12900]

Threads with active compile tasks:
C2 CompilerThread2   1423 1836       4       java.net.URLStreamHandler::parseURL (1201 bytes)

VM state:not at safepoint (normal execution)

VM Mutex/Monitor currently owned by a thread: None

Heap address: 0x0000000703400000, size: 4044 MB, Compressed Oops mode: Zero based, Oop shift amount: 3
Narrow klass base: 0x0000000800000000, Narrow klass shift: 0
Compressed class space size: 1073741824 Address: 0x0000000800000000

Heap:
 garbage-first heap   total 260096K, used 11340K [0x0000000703400000, 0x0000000800000000)
  region size 1024K, 8 young (8192K), 3 survivors (3072K)
 Metaspace       used 21350K, capacity 22160K, committed 22448K, reserved 1069056K
  class space    used 2472K, capacity 2788K, committed 2816K, reserved 1048576K
Heap Regions: E=young(eden), S=young(survivor), O=old, HS=humongous(starts), HC=humongous(continues), CS=collection set, F=free, A=archive, TAMS=top-at-mark-start (previous, next)
|   0|0x0000000703400000, 0x0000000703500000, 0x0000000703500000|100%| O|  |TAMS 0x0000000703500000, 0x0000000703400000| Untracked 
|   1|0x0000000703500000, 0x0000000703600000, 0x0000000703600000|100%| O|  |TAMS 0x0000000703600000, 0x0000000703500000| Untracked 
|   2|0x0000000703600000, 0x0000000703700000, 0x0000000703700000|100%| O|  |TAMS 0x0000000703700000, 0x0000000703600000| Untracked 
|   3|0x0000000703700000, 0x0000000703800000, 0x0000000703800000|100%| O|  |TAMS 0x0000000703800000, 0x0000000703700000| Untracked 
|   4|0x0000000703800000, 0x00000007038f2800, 0x0000000703900000| 94%| O|  |TAMS 0x00000007038f2800, 0x0000000703800000| Untracked 
|   5|0x0000000703900000, 0x0000000703900000, 0x0000000703a00000|  0%| F|  |TAMS 0x0000000703900000, 0x0000000703900000| Untracked 
|   6|0x0000000703a00000, 0x0000000703a00000, 0x0000000703b00000|  0%| F|  |TAMS 0x0000000703a00000, 0x0000000703a00000| Untracked 
|   7|0x0000000703b00000, 0x0000000703b00000, 0x0000000703c00000|  0%| F|  |TAMS 0x0000000703b00000, 0x0000000703b00000| Untracked 
|   8|0x0000000703c00000, 0x0000000703c00000, 0x0000000703d00000|  0%| F|  |TAMS 0x0000000703c00000, 0x0000000703c00000| Untracked 
|   9|0x0000000703d00000, 0x0000000703d00000, 0x0000000703e00000|  0%| F|  |TAMS 0x0000000703d00000, 0x0000000703d00000| Untracked 
|  10|0x0000000703e00000, 0x0000000703e00000, 0x0000000703f00000|  0%| F|  |TAMS 0x0000000703e00000, 0x0000000703e00000| Untracked 
|  11|0x0000000703f00000, 0x0000000703f00000, 0x0000000704000000|  0%| F|  |TAMS 0x0000000703f00000, 0x0000000703f00000| Untracked 
|  12|0x0000000704000000, 0x0000000704000000, 0x0000000704100000|  0%| F|  |TAMS 0x0000000704000000, 0x0000000704000000| Untracked 
|  13|0x0000000704100000, 0x0000000704100000, 0x0000000704200000|  0%| F|  |TAMS 0x0000000704100000, 0x0000000704100000| Untracked 
|  14|0x0000000704200000, 0x0000000704200000, 0x0000000704300000|  0%| F|  |TAMS 0x0000000704200000, 0x0000000704200000| Untracked 
|  15|0x0000000704300000, 0x0000000704300000, 0x0000000704400000|  0%| F|  |TAMS 0x0000000704300000, 0x0000000704300000| Untracked 
|  16|0x0000000704400000, 0x0000000704400000, 0x0000000704500000|  0%| F|  |TAMS 0x0000000704400000, 0x0000000704400000| Untracked 
|  17|0x0000000704500000, 0x0000000704500000, 0x0000000704600000|  0%| F|  |TAMS 0x0000000704500000, 0x0000000704500000| Untracked 
|  18|0x0000000704600000, 0x0000000704600000, 0x0000000704700000|  0%| F|  |TAMS 0x0000000704600000, 0x0000000704600000| Untracked 
|  19|0x0000000704700000, 0x0000000704700000, 0x0000000704800000|  0%| F|  |TAMS 0x0000000704700000, 0x0000000704700000| Untracked 
|  20|0x0000000704800000, 0x0000000704800000, 0x0000000704900000|  0%| F|  |TAMS 0x0000000704800000, 0x0000000704800000| Untracked 
|  21|0x0000000704900000, 0x0000000704900000, 0x0000000704a00000|  0%| F|  |TAMS 0x0000000704900000, 0x0000000704900000| Untracked 
|  22|0x0000000704a00000, 0x0000000704a00000, 0x0000000704b00000|  0%| F|  |TAMS 0x0000000704a00000, 0x0000000704a00000| Untracked 
|  23|0x0000000704b00000, 0x0000000704b00000, 0x0000000704c00000|  0%| F|  |TAMS 0x0000000704b00000, 0x0000000704b00000| Untracked 
|  24|0x0000000704c00000, 0x0000000704c00000, 0x0000000704d00000|  0%| F|  |TAMS 0x0000000704c00000, 0x0000000704c00000| Untracked 
|  25|0x0000000704d00000, 0x0000000704d00000, 0x0000000704e00000|  0%| F|  |TAMS 0x0000000704d00000, 0x0000000704d00000| Untracked 
|  26|0x0000000704e00000, 0x0000000704e00000, 0x0000000704f00000|  0%| F|  |TAMS 0x0000000704e00000, 0x0000000704e00000| Untracked 
|  27|0x0000000704f00000, 0x0000000704f00000, 0x0000000705000000|  0%| F|  |TAMS 0x0000000704f00000, 0x0000000704f00000| Untracked 
|  28|0x0000000705000000, 0x0000000705000000, 0x0000000705100000|  0%| F|  |TAMS 0x0000000705000000, 0x0000000705000000| Untracked 
|  29|0x0000000705100000, 0x0000000705100000, 0x0000000705200000|  0%| F|  |TAMS 0x0000000705100000, 0x0000000705100000| Untracked 
|  30|0x0000000705200000, 0x0000000705200000, 0x0000000705300000|  0%| F|  |TAMS 0x0000000705200000, 0x0000000705200000| Untracked 
|  31|0x0000000705300000, 0x0000000705300000, 0x0000000705400000|  0%| F|  |TAMS 0x0000000705300000, 0x0000000705300000| Untracked 
|  32|0x0000000705400000, 0x0000000705400000, 0x0000000705500000|  0%| F|  |TAMS 0x0000000705400000, 0x0000000705400000| Untracked 
|  33|0x0000000705500000, 0x0000000705500000, 0x0000000705600000|  0%| F|  |TAMS 0x0000000705500000, 0x0000000705500000| Untracked 
|  34|0x0000000705600000, 0x0000000705600000, 0x0000000705700000|  0%| F|  |TAMS 0x0000000705600000, 0x0000000705600000| Untracked 
|  35|0x0000000705700000, 0x0000000705700000, 0x0000000705800000|  0%| F|  |TAMS 0x0000000705700000, 0x0000000705700000| Untracked 
|  36|0x0000000705800000, 0x0000000705800000, 0x0000000705900000|  0%| F|  |TAMS 0x0000000705800000, 0x0000000705800000| Untracked 
|  37|0x0000000705900000, 0x0000000705900000, 0x0000000705a00000|  0%| F|  |TAMS 0x0000000705900000, 0x0000000705900000| Untracked 
|  38|0x0000000705a00000, 0x0000000705a00000, 0x0000000705b00000|  0%| F|  |TAMS 0x0000000705a00000, 0x0000000705a00000| Untracked 
|  39|0x0000000705b00000, 0x0000000705b00000, 0x0000000705c00000|  0%| F|  |TAMS 0x0000000705b00000, 0x0000000705b00000| Untracked 
|  40|0x0000000705c00000, 0x0000000705c00000, 0x0000000705d00000|  0%| F|  |TAMS 0x0000000705c00000, 0x0000000705c00000| Untracked 
|  41|0x0000000705d00000, 0x0000000705d00000, 0x0000000705e00000|  0%| F|  |TAMS 0x0000000705d00000, 0x0000000705d00000| Untracked 
|  42|0x0000000705e00000, 0x0000000705e00000, 0x0000000705f00000|  0%| F|  |TAMS 0x0000000705e00000, 0x0000000705e00000| Untracked 
|  43|0x0000000705f00000, 0x0000000705f00000, 0x0000000706000000|  0%| F|  |TAMS 0x0000000705f00000, 0x0000000705f00000| Untracked 
|  44|0x0000000706000000, 0x0000000706000000, 0x0000000706100000|  0%| F|  |TAMS 0x0000000706000000, 0x0000000706000000| Untracked 
|  45|0x0000000706100000, 0x0000000706100000, 0x0000000706200000|  0%| F|  |TAMS 0x0000000706100000, 0x0000000706100000| Untracked 
|  46|0x0000000706200000, 0x0000000706200000, 0x0000000706300000|  0%| F|  |TAMS 0x0000000706200000, 0x0000000706200000| Untracked 
|  47|0x0000000706300000, 0x0000000706300000, 0x0000000706400000|  0%| F|  |TAMS 0x0000000706300000, 0x0000000706300000| Untracked 
|  48|0x0000000706400000, 0x0000000706400000, 0x0000000706500000|  0%| F|  |TAMS 0x0000000706400000, 0x0000000706400000| Untracked 
|  49|0x0000000706500000, 0x0000000706500000, 0x0000000706600000|  0%| F|  |TAMS 0x0000000706500000, 0x0000000706500000| Untracked 
|  50|0x0000000706600000, 0x0000000706600000, 0x0000000706700000|  0%| F|  |TAMS 0x0000000706600000, 0x0000000706600000| Untracked 
|  51|0x0000000706700000, 0x0000000706700000, 0x0000000706800000|  0%| F|  |TAMS 0x0000000706700000, 0x0000000706700000| Untracked 
|  52|0x0000000706800000, 0x0000000706800000, 0x0000000706900000|  0%| F|  |TAMS 0x0000000706800000, 0x0000000706800000| Untracked 
|  53|0x0000000706900000, 0x0000000706900000, 0x0000000706a00000|  0%| F|  |TAMS 0x0000000706900000, 0x0000000706900000| Untracked 
|  54|0x0000000706a00000, 0x0000000706a00000, 0x0000000706b00000|  0%| F|  |TAMS 0x0000000706a00000, 0x0000000706a00000| Untracked 
|  55|0x0000000706b00000, 0x0000000706b00000, 0x0000000706c00000|  0%| F|  |TAMS 0x0000000706b00000, 0x0000000706b00000| Untracked 
|  56|0x0000000706c00000, 0x0000000706c00000, 0x0000000706d00000|  0%| F|  |TAMS 0x0000000706c00000, 0x0000000706c00000| Untracked 
|  57|0x0000000706d00000, 0x0000000706d00000, 0x0000000706e00000|  0%| F|  |TAMS 0x0000000706d00000, 0x0000000706d00000| Untracked 
|  58|0x0000000706e00000, 0x0000000706e00000, 0x0000000706f00000|  0%| F|  |TAMS 0x0000000706e00000, 0x0000000706e00000| Untracked 
|  59|0x0000000706f00000, 0x0000000706f00000, 0x0000000707000000|  0%| F|  |TAMS 0x0000000706f00000, 0x0000000706f00000| Untracked 
|  60|0x0000000707000000, 0x0000000707000000, 0x0000000707100000|  0%| F|  |TAMS 0x0000000707000000, 0x0000000707000000| Untracked 
|  61|0x0000000707100000, 0x0000000707100000, 0x0000000707200000|  0%| F|  |TAMS 0x0000000707100000, 0x0000000707100000| Untracked 
|  62|0x0000000707200000, 0x0000000707200000, 0x0000000707300000|  0%| F|  |TAMS 0x0000000707200000, 0x0000000707200000| Untracked 
|  63|0x0000000707300000, 0x0000000707300000, 0x0000000707400000|  0%| F|  |TAMS 0x0000000707300000, 0x0000000707300000| Untracked 
|  64|0x0000000707400000, 0x0000000707400000, 0x0000000707500000|  0%| F|  |TAMS 0x0000000707400000, 0x0000000707400000| Untracked 
|  65|0x0000000707500000, 0x0000000707500000, 0x0000000707600000|  0%| F|  |TAMS 0x0000000707500000, 0x0000000707500000| Untracked 
|  66|0x0000000707600000, 0x0000000707600000, 0x0000000707700000|  0%| F|  |TAMS 0x0000000707600000, 0x0000000707600000| Untracked 
|  67|0x0000000707700000, 0x0000000707700000, 0x0000000707800000|  0%| F|  |TAMS 0x0000000707700000, 0x0000000707700000| Untracked 
|  68|0x0000000707800000, 0x0000000707800000, 0x0000000707900000|  0%| F|  |TAMS 0x0000000707800000, 0x0000000707800000| Untracked 
|  69|0x0000000707900000, 0x0000000707900000, 0x0000000707a00000|  0%| F|  |TAMS 0x0000000707900000, 0x0000000707900000| Untracked 
|  70|0x0000000707a00000, 0x0000000707a00000, 0x0000000707b00000|  0%| F|  |TAMS 0x0000000707a00000, 0x0000000707a00000| Untracked 
|  71|0x0000000707b00000, 0x0000000707b00000, 0x0000000707c00000|  0%| F|  |TAMS 0x0000000707b00000, 0x0000000707b00000| Untracked 
|  72|0x0000000707c00000, 0x0000000707c00000, 0x0000000707d00000|  0%| F|  |TAMS 0x0000000707c00000, 0x0000000707c00000| Untracked 
|  73|0x0000000707d00000, 0x0000000707d00000, 0x0000000707e00000|  0%| F|  |TAMS 0x0000000707d00000, 0x0000000707d00000| Untracked 
|  74|0x0000000707e00000, 0x0000000707e00000, 0x0000000707f00000|  0%| F|  |TAMS 0x0000000707e00000, 0x0000000707e00000| Untracked 
|  75|0x0000000707f00000, 0x0000000707f00000, 0x0000000708000000|  0%| F|  |TAMS 0x0000000707f00000, 0x0000000707f00000| Untracked 
|  76|0x0000000708000000, 0x0000000708000000, 0x0000000708100000|  0%| F|  |TAMS 0x0000000708000000, 0x0000000708000000| Untracked 
|  77|0x0000000708100000, 0x0000000708100000, 0x0000000708200000|  0%| F|  |TAMS 0x0000000708100000, 0x0000000708100000| Untracked 
|  78|0x0000000708200000, 0x0000000708200000, 0x0000000708300000|  0%| F|  |TAMS 0x0000000708200000, 0x0000000708200000| Untracked 
|  79|0x0000000708300000, 0x0000000708300000, 0x0000000708400000|  0%| F|  |TAMS 0x0000000708300000, 0x0000000708300000| Untracked 
|  80|0x0000000708400000, 0x0000000708400000, 0x0000000708500000|  0%| F|  |TAMS 0x0000000708400000, 0x0000000708400000| Untracked 
|  81|0x0000000708500000, 0x0000000708500000, 0x0000000708600000|  0%| F|  |TAMS 0x0000000708500000, 0x0000000708500000| Untracked 
|  82|0x0000000708600000, 0x0000000708600000, 0x0000000708700000|  0%| F|  |TAMS 0x0000000708600000, 0x0000000708600000| Untracked 
|  83|0x0000000708700000, 0x0000000708700000, 0x0000000708800000|  0%| F|  |TAMS 0x0000000708700000, 0x0000000708700000| Untracked 
|  84|0x0000000708800000, 0x0000000708800000, 0x0000000708900000|  0%| F|  |TAMS 0x0000000708800000, 0x0000000708800000| Untracked 
|  85|0x0000000708900000, 0x0000000708900000, 0x0000000708a00000|  0%| F|  |TAMS 0x0000000708900000, 0x0000000708900000| Untracked 
|  86|0x0000000708a00000, 0x0000000708a00000, 0x0000000708b00000|  0%| F|  |TAMS 0x0000000708a00000, 0x0000000708a00000| Untracked 
|  87|0x0000000708b00000, 0x0000000708b00000, 0x0000000708c00000|  0%| F|  |TAMS 0x0000000708b00000, 0x0000000708b00000| Untracked 
|  88|0x0000000708c00000, 0x0000000708c00000, 0x0000000708d00000|  0%| F|  |TAMS 0x0000000708c00000, 0x0000000708c00000| Untracked 
|  89|0x0000000708d00000, 0x0000000708d00000, 0x0000000708e00000|  0%| F|  |TAMS 0x0000000708d00000, 0x0000000708d00000| Untracked 
|  90|0x0000000708e00000, 0x0000000708e00000, 0x0000000708f00000|  0%| F|  |TAMS 0x0000000708e00000, 0x0000000708e00000| Untracked 
|  91|0x0000000708f00000, 0x0000000708f00000, 0x0000000709000000|  0%| F|  |TAMS 0x0000000708f00000, 0x0000000708f00000| Untracked 
|  92|0x0000000709000000, 0x0000000709000000, 0x0000000709100000|  0%| F|  |TAMS 0x0000000709000000, 0x0000000709000000| Untracked 
|  93|0x0000000709100000, 0x0000000709100000, 0x0000000709200000|  0%| F|  |TAMS 0x0000000709100000, 0x0000000709100000| Untracked 
|  94|0x0000000709200000, 0x0000000709200000, 0x0000000709300000|  0%| F|  |TAMS 0x0000000709200000, 0x0000000709200000| Untracked 
|  95|0x0000000709300000, 0x0000000709300000, 0x0000000709400000|  0%| F|  |TAMS 0x0000000709300000, 0x0000000709300000| Untracked 
|  96|0x0000000709400000, 0x0000000709400000, 0x0000000709500000|  0%| F|  |TAMS 0x0000000709400000, 0x0000000709400000| Untracked 
|  97|0x0000000709500000, 0x0000000709500000, 0x0000000709600000|  0%| F|  |TAMS 0x0000000709500000, 0x0000000709500000| Untracked 
|  98|0x0000000709600000, 0x0000000709600000, 0x0000000709700000|  0%| F|  |TAMS 0x0000000709600000, 0x0000000709600000| Untracked 
|  99|0x0000000709700000, 0x0000000709700000, 0x0000000709800000|  0%| F|  |TAMS 0x0000000709700000, 0x0000000709700000| Untracked 
| 100|0x0000000709800000, 0x0000000709800000, 0x0000000709900000|  0%| F|  |TAMS 0x0000000709800000, 0x0000000709800000| Untracked 
| 101|0x0000000709900000, 0x0000000709900000, 0x0000000709a00000|  0%| F|  |TAMS 0x0000000709900000, 0x0000000709900000| Untracked 
| 102|0x0000000709a00000, 0x0000000709a00000, 0x0000000709b00000|  0%| F|  |TAMS 0x0000000709a00000, 0x0000000709a00000| Untracked 
| 103|0x0000000709b00000, 0x0000000709b00000, 0x0000000709c00000|  0%| F|  |TAMS 0x0000000709b00000, 0x0000000709b00000| Untracked 
| 104|0x0000000709c00000, 0x0000000709c00000, 0x0000000709d00000|  0%| F|  |TAMS 0x0000000709c00000, 0x0000000709c00000| Untracked 
| 105|0x0000000709d00000, 0x0000000709d00000, 0x0000000709e00000|  0%| F|  |TAMS 0x0000000709d00000, 0x0000000709d00000| Untracked 
| 106|0x0000000709e00000, 0x0000000709e00000, 0x0000000709f00000|  0%| F|  |TAMS 0x0000000709e00000, 0x0000000709e00000| Untracked 
| 107|0x0000000709f00000, 0x0000000709f00000, 0x000000070a000000|  0%| F|  |TAMS 0x0000000709f00000, 0x0000000709f00000| Untracked 
| 108|0x000000070a000000, 0x000000070a000000, 0x000000070a100000|  0%| F|  |TAMS 0x000000070a000000, 0x000000070a000000| Untracked 
| 109|0x000000070a100000, 0x000000070a100000, 0x000000070a200000|  0%| F|  |TAMS 0x000000070a100000, 0x000000070a100000| Untracked 
| 110|0x000000070a200000, 0x000000070a200000, 0x000000070a300000|  0%| F|  |TAMS 0x000000070a200000, 0x000000070a200000| Untracked 
| 111|0x000000070a300000, 0x000000070a300000, 0x000000070a400000|  0%| F|  |TAMS 0x000000070a300000, 0x000000070a300000| Untracked 
| 112|0x000000070a400000, 0x000000070a400000, 0x000000070a500000|  0%| F|  |TAMS 0x000000070a400000, 0x000000070a400000| Untracked 
| 113|0x000000070a500000, 0x000000070a500000, 0x000000070a600000|  0%| F|  |TAMS 0x000000070a500000, 0x000000070a500000| Untracked 
| 114|0x000000070a600000, 0x000000070a600000, 0x000000070a700000|  0%| F|  |TAMS 0x000000070a600000, 0x000000070a600000| Untracked 
| 115|0x000000070a700000, 0x000000070a700000, 0x000000070a800000|  0%| F|  |TAMS 0x000000070a700000, 0x000000070a700000| Untracked 
| 116|0x000000070a800000, 0x000000070a800000, 0x000000070a900000|  0%| F|  |TAMS 0x000000070a800000, 0x000000070a800000| Untracked 
| 117|0x000000070a900000, 0x000000070a900000, 0x000000070aa00000|  0%| F|  |TAMS 0x000000070a900000, 0x000000070a900000| Untracked 
| 118|0x000000070aa00000, 0x000000070aa00000, 0x000000070ab00000|  0%| F|  |TAMS 0x000000070aa00000, 0x000000070aa00000| Untracked 
| 119|0x000000070ab00000, 0x000000070ab00000, 0x000000070ac00000|  0%| F|  |TAMS 0x000000070ab00000, 0x000000070ab00000| Untracked 
| 120|0x000000070ac00000, 0x000000070ac00000, 0x000000070ad00000|  0%| F|  |TAMS 0x000000070ac00000, 0x000000070ac00000| Untracked 
| 121|0x000000070ad00000, 0x000000070ad00000, 0x000000070ae00000|  0%| F|  |TAMS 0x000000070ad00000, 0x000000070ad00000| Untracked 
| 122|0x000000070ae00000, 0x000000070ae00000, 0x000000070af00000|  0%| F|  |TAMS 0x000000070ae00000, 0x000000070ae00000| Untracked 
| 123|0x000000070af00000, 0x000000070af00000, 0x000000070b000000|  0%| F|  |TAMS 0x000000070af00000, 0x000000070af00000| Untracked 
| 124|0x000000070b000000, 0x000000070b000000, 0x000000070b100000|  0%| F|  |TAMS 0x000000070b000000, 0x000000070b000000| Untracked 
| 125|0x000000070b100000, 0x000000070b100000, 0x000000070b200000|  0%| F|  |TAMS 0x000000070b100000, 0x000000070b100000| Untracked 
| 126|0x000000070b200000, 0x000000070b200000, 0x000000070b300000|  0%| F|  |TAMS 0x000000070b200000, 0x000000070b200000| Untracked 
| 127|0x000000070b300000, 0x000000070b300000, 0x000000070b400000|  0%| F|  |TAMS 0x000000070b300000, 0x000000070b300000| Untracked 
| 128|0x000000070b400000, 0x000000070b400000, 0x000000070b500000|  0%| F|  |TAMS 0x000000070b400000, 0x000000070b400000| Untracked 
| 129|0x000000070b500000, 0x000000070b500000, 0x000000070b600000|  0%| F|  |TAMS 0x000000070b500000, 0x000000070b500000| Untracked 
| 130|0x000000070b600000, 0x000000070b600000, 0x000000070b700000|  0%| F|  |TAMS 0x000000070b600000, 0x000000070b600000| Untracked 
| 131|0x000000070b700000, 0x000000070b700000, 0x000000070b800000|  0%| F|  |TAMS 0x000000070b700000, 0x000000070b700000| Untracked 
| 132|0x000000070b800000, 0x000000070b800000, 0x000000070b900000|  0%| F|  |TAMS 0x000000070b800000, 0x000000070b800000| Untracked 
| 133|0x000000070b900000, 0x000000070b900000, 0x000000070ba00000|  0%| F|  |TAMS 0x000000070b900000, 0x000000070b900000| Untracked 
| 134|0x000000070ba00000, 0x000000070ba00000, 0x000000070bb00000|  0%| F|  |TAMS 0x000000070ba00000, 0x000000070ba00000| Untracked 
| 135|0x000000070bb00000, 0x000000070bb00000, 0x000000070bc00000|  0%| F|  |TAMS 0x000000070bb00000, 0x000000070bb00000| Untracked 
| 136|0x000000070bc00000, 0x000000070bc00000, 0x000000070bd00000|  0%| F|  |TAMS 0x000000070bc00000, 0x000000070bc00000| Untracked 
| 137|0x000000070bd00000, 0x000000070bd00000, 0x000000070be00000|  0%| F|  |TAMS 0x000000070bd00000, 0x000000070bd00000| Untracked 
| 138|0x000000070be00000, 0x000000070be00000, 0x000000070bf00000|  0%| F|  |TAMS 0x000000070be00000, 0x000000070be00000| Untracked 
| 139|0x000000070bf00000, 0x000000070bf00000, 0x000000070c000000|  0%| F|  |TAMS 0x000000070bf00000, 0x000000070bf00000| Untracked 
| 140|0x000000070c000000, 0x000000070c000000, 0x000000070c100000|  0%| F|  |TAMS 0x000000070c000000, 0x000000070c000000| Untracked 
| 141|0x000000070c100000, 0x000000070c100000, 0x000000070c200000|  0%| F|  |TAMS 0x000000070c100000, 0x000000070c100000| Untracked 
| 142|0x000000070c200000, 0x000000070c200000, 0x000000070c300000|  0%| F|  |TAMS 0x000000070c200000, 0x000000070c200000| Untracked 
| 143|0x000000070c300000, 0x000000070c300000, 0x000000070c400000|  0%| F|  |TAMS 0x000000070c300000, 0x000000070c300000| Untracked 
| 144|0x000000070c400000, 0x000000070c400000, 0x000000070c500000|  0%| F|  |TAMS 0x000000070c400000, 0x000000070c400000| Untracked 
| 145|0x000000070c500000, 0x000000070c500000, 0x000000070c600000|  0%| F|  |TAMS 0x000000070c500000, 0x000000070c500000| Untracked 
| 146|0x000000070c600000, 0x000000070c600000, 0x000000070c700000|  0%| F|  |TAMS 0x000000070c600000, 0x000000070c600000| Untracked 
| 147|0x000000070c700000, 0x000000070c700000, 0x000000070c800000|  0%| F|  |TAMS 0x000000070c700000, 0x000000070c700000| Untracked 
| 148|0x000000070c800000, 0x000000070c800000, 0x000000070c900000|  0%| F|  |TAMS 0x000000070c800000, 0x000000070c800000| Untracked 
| 149|0x000000070c900000, 0x000000070c900000, 0x000000070ca00000|  0%| F|  |TAMS 0x000000070c900000, 0x000000070c900000| Untracked 
| 150|0x000000070ca00000, 0x000000070ca00000, 0x000000070cb00000|  0%| F|  |TAMS 0x000000070ca00000, 0x000000070ca00000| Untracked 
| 151|0x000000070cb00000, 0x000000070cb00000, 0x000000070cc00000|  0%| F|  |TAMS 0x000000070cb00000, 0x000000070cb00000| Untracked 
| 152|0x000000070cc00000, 0x000000070cc00000, 0x000000070cd00000|  0%| F|  |TAMS 0x000000070cc00000, 0x000000070cc00000| Untracked 
| 153|0x000000070cd00000, 0x000000070cd00000, 0x000000070ce00000|  0%| F|  |TAMS 0x000000070cd00000, 0x000000070cd00000| Untracked 
| 154|0x000000070ce00000, 0x000000070ce00000, 0x000000070cf00000|  0%| F|  |TAMS 0x000000070ce00000, 0x000000070ce00000| Untracked 
| 155|0x000000070cf00000, 0x000000070cf00000, 0x000000070d000000|  0%| F|  |TAMS 0x000000070cf00000, 0x000000070cf00000| Untracked 
| 156|0x000000070d000000, 0x000000070d000000, 0x000000070d100000|  0%| F|  |TAMS 0x000000070d000000, 0x000000070d000000| Untracked 
| 157|0x000000070d100000, 0x000000070d100000, 0x000000070d200000|  0%| F|  |TAMS 0x000000070d100000, 0x000000070d100000| Untracked 
| 158|0x000000070d200000, 0x000000070d200000, 0x000000070d300000|  0%| F|  |TAMS 0x000000070d200000, 0x000000070d200000| Untracked 
| 159|0x000000070d300000, 0x000000070d300000, 0x000000070d400000|  0%| F|  |TAMS 0x000000070d300000, 0x000000070d300000| Untracked 
| 160|0x000000070d400000, 0x000000070d400000, 0x000000070d500000|  0%| F|  |TAMS 0x000000070d400000, 0x000000070d400000| Untracked 
| 161|0x000000070d500000, 0x000000070d500000, 0x000000070d600000|  0%| F|  |TAMS 0x000000070d500000, 0x000000070d500000| Untracked 
| 162|0x000000070d600000, 0x000000070d600000, 0x000000070d700000|  0%| F|  |TAMS 0x000000070d600000, 0x000000070d600000| Untracked 
| 163|0x000000070d700000, 0x000000070d700000, 0x000000070d800000|  0%| F|  |TAMS 0x000000070d700000, 0x000000070d700000| Untracked 
| 164|0x000000070d800000, 0x000000070d800000, 0x000000070d900000|  0%| F|  |TAMS 0x000000070d800000, 0x000000070d800000| Untracked 
| 165|0x000000070d900000, 0x000000070d900000, 0x000000070da00000|  0%| F|  |TAMS 0x000000070d900000, 0x000000070d900000| Untracked 
| 166|0x000000070da00000, 0x000000070da00000, 0x000000070db00000|  0%| F|  |TAMS 0x000000070da00000, 0x000000070da00000| Untracked 
| 167|0x000000070db00000, 0x000000070db00000, 0x000000070dc00000|  0%| F|  |TAMS 0x000000070db00000, 0x000000070db00000| Untracked 
| 168|0x000000070dc00000, 0x000000070dc00000, 0x000000070dd00000|  0%| F|  |TAMS 0x000000070dc00000, 0x000000070dc00000| Untracked 
| 169|0x000000070dd00000, 0x000000070dd00000, 0x000000070de00000|  0%| F|  |TAMS 0x000000070dd00000, 0x000000070dd00000| Untracked 
| 170|0x000000070de00000, 0x000000070de00000, 0x000000070df00000|  0%| F|  |TAMS 0x000000070de00000, 0x000000070de00000| Untracked 
| 171|0x000000070df00000, 0x000000070df00000, 0x000000070e000000|  0%| F|  |TAMS 0x000000070df00000, 0x000000070df00000| Untracked 
| 172|0x000000070e000000, 0x000000070e000000, 0x000000070e100000|  0%| F|  |TAMS 0x000000070e000000, 0x000000070e000000| Untracked 
| 173|0x000000070e100000, 0x000000070e100000, 0x000000070e200000|  0%| F|  |TAMS 0x000000070e100000, 0x000000070e100000| Untracked 
| 174|0x000000070e200000, 0x000000070e200000, 0x000000070e300000|  0%| F|  |TAMS 0x000000070e200000, 0x000000070e200000| Untracked 
| 175|0x000000070e300000, 0x000000070e300000, 0x000000070e400000|  0%| F|  |TAMS 0x000000070e300000, 0x000000070e300000| Untracked 
| 176|0x000000070e400000, 0x000000070e400000, 0x000000070e500000|  0%| F|  |TAMS 0x000000070e400000, 0x000000070e400000| Untracked 
| 177|0x000000070e500000, 0x000000070e500000, 0x000000070e600000|  0%| F|  |TAMS 0x000000070e500000, 0x000000070e500000| Untracked 
| 178|0x000000070e600000, 0x000000070e600000, 0x000000070e700000|  0%| F|  |TAMS 0x000000070e600000, 0x000000070e600000| Untracked 
| 179|0x000000070e700000, 0x000000070e700000, 0x000000070e800000|  0%| F|  |TAMS 0x000000070e700000, 0x000000070e700000| Untracked 
| 180|0x000000070e800000, 0x000000070e800000, 0x000000070e900000|  0%| F|  |TAMS 0x000000070e800000, 0x000000070e800000| Untracked 
| 181|0x000000070e900000, 0x000000070e900000, 0x000000070ea00000|  0%| F|  |TAMS 0x000000070e900000, 0x000000070e900000| Untracked 
| 182|0x000000070ea00000, 0x000000070ea00000, 0x000000070eb00000|  0%| F|  |TAMS 0x000000070ea00000, 0x000000070ea00000| Untracked 
| 183|0x000000070eb00000, 0x000000070eb00000, 0x000000070ec00000|  0%| F|  |TAMS 0x000000070eb00000, 0x000000070eb00000| Untracked 
| 184|0x000000070ec00000, 0x000000070ec00000, 0x000000070ed00000|  0%| F|  |TAMS 0x000000070ec00000, 0x000000070ec00000| Untracked 
| 185|0x000000070ed00000, 0x000000070ed00000, 0x000000070ee00000|  0%| F|  |TAMS 0x000000070ed00000, 0x000000070ed00000| Untracked 
| 186|0x000000070ee00000, 0x000000070ee00000, 0x000000070ef00000|  0%| F|  |TAMS 0x000000070ee00000, 0x000000070ee00000| Untracked 
| 187|0x000000070ef00000, 0x000000070ef00000, 0x000000070f000000|  0%| F|  |TAMS 0x000000070ef00000, 0x000000070ef00000| Untracked 
| 188|0x000000070f000000, 0x000000070f000000, 0x000000070f100000|  0%| F|  |TAMS 0x000000070f000000, 0x000000070f000000| Untracked 
| 189|0x000000070f100000, 0x000000070f100000, 0x000000070f200000|  0%| F|  |TAMS 0x000000070f100000, 0x000000070f100000| Untracked 
| 190|0x000000070f200000, 0x000000070f200000, 0x000000070f300000|  0%| F|  |TAMS 0x000000070f200000, 0x000000070f200000| Untracked 
| 191|0x000000070f300000, 0x000000070f300000, 0x000000070f400000|  0%| F|  |TAMS 0x000000070f300000, 0x000000070f300000| Untracked 
| 192|0x000000070f400000, 0x000000070f400000, 0x000000070f500000|  0%| F|  |TAMS 0x000000070f400000, 0x000000070f400000| Untracked 
| 193|0x000000070f500000, 0x000000070f500000, 0x000000070f600000|  0%| F|  |TAMS 0x000000070f500000, 0x000000070f500000| Untracked 
| 194|0x000000070f600000, 0x000000070f600000, 0x000000070f700000|  0%| F|  |TAMS 0x000000070f600000, 0x000000070f600000| Untracked 
| 195|0x000000070f700000, 0x000000070f700000, 0x000000070f800000|  0%| F|  |TAMS 0x000000070f700000, 0x000000070f700000| Untracked 
| 196|0x000000070f800000, 0x000000070f800000, 0x000000070f900000|  0%| F|  |TAMS 0x000000070f800000, 0x000000070f800000| Untracked 
| 197|0x000000070f900000, 0x000000070f900000, 0x000000070fa00000|  0%| F|  |TAMS 0x000000070f900000, 0x000000070f900000| Untracked 
| 198|0x000000070fa00000, 0x000000070fa00000, 0x000000070fb00000|  0%| F|  |TAMS 0x000000070fa00000, 0x000000070fa00000| Untracked 
| 199|0x000000070fb00000, 0x000000070fb00000, 0x000000070fc00000|  0%| F|  |TAMS 0x000000070fb00000, 0x000000070fb00000| Untracked 
| 200|0x000000070fc00000, 0x000000070fc00000, 0x000000070fd00000|  0%| F|  |TAMS 0x000000070fc00000, 0x000000070fc00000| Untracked 
| 201|0x000000070fd00000, 0x000000070fd00000, 0x000000070fe00000|  0%| F|  |TAMS 0x000000070fd00000, 0x000000070fd00000| Untracked 
| 202|0x000000070fe00000, 0x000000070fe00000, 0x000000070ff00000|  0%| F|  |TAMS 0x000000070fe00000, 0x000000070fe00000| Untracked 
| 203|0x000000070ff00000, 0x000000070ff00000, 0x0000000710000000|  0%| F|  |TAMS 0x000000070ff00000, 0x000000070ff00000| Untracked 
| 204|0x0000000710000000, 0x0000000710000000, 0x0000000710100000|  0%| F|  |TAMS 0x0000000710000000, 0x0000000710000000| Untracked 
| 205|0x0000000710100000, 0x0000000710100000, 0x0000000710200000|  0%| F|  |TAMS 0x0000000710100000, 0x0000000710100000| Untracked 
| 206|0x0000000710200000, 0x0000000710200000, 0x0000000710300000|  0%| F|  |TAMS 0x0000000710200000, 0x0000000710200000| Untracked 
| 207|0x0000000710300000, 0x0000000710300000, 0x0000000710400000|  0%| F|  |TAMS 0x0000000710300000, 0x0000000710300000| Untracked 
| 208|0x0000000710400000, 0x0000000710400000, 0x0000000710500000|  0%| F|  |TAMS 0x0000000710400000, 0x0000000710400000| Untracked 
| 209|0x0000000710500000, 0x0000000710500000, 0x0000000710600000|  0%| F|  |TAMS 0x0000000710500000, 0x0000000710500000| Untracked 
| 210|0x0000000710600000, 0x0000000710600000, 0x0000000710700000|  0%| F|  |TAMS 0x0000000710600000, 0x0000000710600000| Untracked 
| 211|0x0000000710700000, 0x0000000710700000, 0x0000000710800000|  0%| F|  |TAMS 0x0000000710700000, 0x0000000710700000| Untracked 
| 212|0x0000000710800000, 0x0000000710800000, 0x0000000710900000|  0%| F|  |TAMS 0x0000000710800000, 0x0000000710800000| Untracked 
| 213|0x0000000710900000, 0x0000000710900000, 0x0000000710a00000|  0%| F|  |TAMS 0x0000000710900000, 0x0000000710900000| Untracked 
| 214|0x0000000710a00000, 0x0000000710a00000, 0x0000000710b00000|  0%| F|  |TAMS 0x0000000710a00000, 0x0000000710a00000| Untracked 
| 215|0x0000000710b00000, 0x0000000710b00000, 0x0000000710c00000|  0%| F|  |TAMS 0x0000000710b00000, 0x0000000710b00000| Untracked 
| 216|0x0000000710c00000, 0x0000000710c00000, 0x0000000710d00000|  0%| F|  |TAMS 0x0000000710c00000, 0x0000000710c00000| Untracked 
| 217|0x0000000710d00000, 0x0000000710d00000, 0x0000000710e00000|  0%| F|  |TAMS 0x0000000710d00000, 0x0000000710d00000| Untracked 
| 218|0x0000000710e00000, 0x0000000710e00000, 0x0000000710f00000|  0%| F|  |TAMS 0x0000000710e00000, 0x0000000710e00000| Untracked 
| 219|0x0000000710f00000, 0x0000000710f00000, 0x0000000711000000|  0%| F|  |TAMS 0x0000000710f00000, 0x0000000710f00000| Untracked 
| 220|0x0000000711000000, 0x0000000711000000, 0x0000000711100000|  0%| F|  |TAMS 0x0000000711000000, 0x0000000711000000| Untracked 
| 221|0x0000000711100000, 0x0000000711100000, 0x0000000711200000|  0%| F|  |TAMS 0x0000000711100000, 0x0000000711100000| Untracked 
| 222|0x0000000711200000, 0x0000000711200000, 0x0000000711300000|  0%| F|  |TAMS 0x0000000711200000, 0x0000000711200000| Untracked 
| 223|0x0000000711300000, 0x0000000711300000, 0x0000000711400000|  0%| F|  |TAMS 0x0000000711300000, 0x0000000711300000| Untracked 
| 224|0x0000000711400000, 0x0000000711400000, 0x0000000711500000|  0%| F|  |TAMS 0x0000000711400000, 0x0000000711400000| Untracked 
| 225|0x0000000711500000, 0x0000000711500000, 0x0000000711600000|  0%| F|  |TAMS 0x0000000711500000, 0x0000000711500000| Untracked 
| 226|0x0000000711600000, 0x0000000711600000, 0x0000000711700000|  0%| F|  |TAMS 0x0000000711600000, 0x0000000711600000| Untracked 
| 227|0x0000000711700000, 0x0000000711700000, 0x0000000711800000|  0%| F|  |TAMS 0x0000000711700000, 0x0000000711700000| Untracked 
| 228|0x0000000711800000, 0x0000000711800000, 0x0000000711900000|  0%| F|  |TAMS 0x0000000711800000, 0x0000000711800000| Untracked 
| 229|0x0000000711900000, 0x0000000711900000, 0x0000000711a00000|  0%| F|  |TAMS 0x0000000711900000, 0x0000000711900000| Untracked 
| 230|0x0000000711a00000, 0x0000000711a00000, 0x0000000711b00000|  0%| F|  |TAMS 0x0000000711a00000, 0x0000000711a00000| Untracked 
| 231|0x0000000711b00000, 0x0000000711b00000, 0x0000000711c00000|  0%| F|  |TAMS 0x0000000711b00000, 0x0000000711b00000| Untracked 
| 232|0x0000000711c00000, 0x0000000711c00000, 0x0000000711d00000|  0%| F|  |TAMS 0x0000000711c00000, 0x0000000711c00000| Untracked 
| 233|0x0000000711d00000, 0x0000000711d00000, 0x0000000711e00000|  0%| F|  |TAMS 0x0000000711d00000, 0x0000000711d00000| Untracked 
| 234|0x0000000711e00000, 0x0000000711e00000, 0x0000000711f00000|  0%| F|  |TAMS 0x0000000711e00000, 0x0000000711e00000| Untracked 
| 235|0x0000000711f00000, 0x0000000711f00000, 0x0000000712000000|  0%| F|  |TAMS 0x0000000711f00000, 0x0000000711f00000| Untracked 
| 236|0x0000000712000000, 0x0000000712000000, 0x0000000712100000|  0%| F|  |TAMS 0x0000000712000000, 0x0000000712000000| Untracked 
| 237|0x0000000712100000, 0x0000000712100000, 0x0000000712200000|  0%| F|  |TAMS 0x0000000712100000, 0x0000000712100000| Untracked 
| 238|0x0000000712200000, 0x0000000712200000, 0x0000000712300000|  0%| F|  |TAMS 0x0000000712200000, 0x0000000712200000| Untracked 
| 239|0x0000000712300000, 0x0000000712300000, 0x0000000712400000|  0%| F|  |TAMS 0x0000000712300000, 0x0000000712300000| Untracked 
| 240|0x0000000712400000, 0x0000000712400000, 0x0000000712500000|  0%| F|  |TAMS 0x0000000712400000, 0x0000000712400000| Untracked 
| 241|0x0000000712500000, 0x0000000712500000, 0x0000000712600000|  0%| F|  |TAMS 0x0000000712500000, 0x0000000712500000| Untracked 
| 242|0x0000000712600000, 0x0000000712620bb0, 0x0000000712700000| 12%| S|CS|TAMS 0x0000000712600000, 0x0000000712600000| Complete 
| 243|0x0000000712700000, 0x0000000712800000, 0x0000000712800000|100%| S|CS|TAMS 0x0000000712700000, 0x0000000712700000| Complete 
| 244|0x0000000712800000, 0x0000000712900000, 0x0000000712900000|100%| S|CS|TAMS 0x0000000712800000, 0x0000000712800000| Complete 
| 245|0x0000000712900000, 0x0000000712900000, 0x0000000712a00000|  0%| F|  |TAMS 0x0000000712900000, 0x0000000712900000| Untracked 
| 246|0x0000000712a00000, 0x0000000712a00000, 0x0000000712b00000|  0%| F|  |TAMS 0x0000000712a00000, 0x0000000712a00000| Untracked 
| 247|0x0000000712b00000, 0x0000000712b00000, 0x0000000712c00000|  0%| F|  |TAMS 0x0000000712b00000, 0x0000000712b00000| Untracked 
| 248|0x0000000712c00000, 0x0000000712c00000, 0x0000000712d00000|  0%| F|  |TAMS 0x0000000712c00000, 0x0000000712c00000| Untracked 
| 249|0x0000000712d00000, 0x0000000712e00000, 0x0000000712e00000|100%| E|  |TAMS 0x0000000712d00000, 0x0000000712d00000| Complete 
| 250|0x0000000712e00000, 0x0000000712f00000, 0x0000000712f00000|100%| E|CS|TAMS 0x0000000712e00000, 0x0000000712e00000| Complete 
| 251|0x0000000712f00000, 0x0000000713000000, 0x0000000713000000|100%| E|CS|TAMS 0x0000000712f00000, 0x0000000712f00000| Complete 
| 252|0x0000000713000000, 0x0000000713100000, 0x0000000713100000|100%| E|CS|TAMS 0x0000000713000000, 0x0000000713000000| Complete 
| 253|0x0000000713100000, 0x0000000713200000, 0x0000000713200000|100%| E|CS|TAMS 0x0000000713100000, 0x0000000713100000| Complete 

Card table byte_map: [0x000001dbeda00000,0x000001dbee1f0000] _byte_map_base: 0x000001dbea1e6000

Marking Bits (Prev, Next): (CMBitMap*) 0x000001dbd5824520, (CMBitMap*) 0x000001dbd58244e8
 Prev Bits: [0x000001dbf2910000, 0x000001dbf6840000)
 Next Bits: [0x000001dbee9e0000, 0x000001dbf2910000)

Polling page: 0x000001dbd35e0000

Metaspace:

Usage:
  Non-class:     18.98 MB capacity,    18.50 MB ( 97%) used,   409.34 KB (  2%) free+waste,    82.00 KB ( <1%) overhead. 
      Class:      2.72 MB capacity,     2.42 MB ( 89%) used,   265.41 KB ( 10%) free+waste,    41.25 KB (  1%) overhead. 
       Both:     21.71 MB capacity,    20.93 MB ( 96%) used,   674.75 KB (  3%) free+waste,   123.25 KB ( <1%) overhead. 

Virtual space:
  Non-class space:       20.00 MB reserved,      19.17 MB ( 96%) committed 
      Class space:        1.00 GB reserved,       2.75 MB ( <1%) committed 
             Both:        1.02 GB reserved,      21.92 MB (  2%) committed 

Chunk freelists:
   Non-Class:  18.00 KB
       Class:  27.00 KB
        Both:  45.00 KB

MaxMetaspaceSize: 17179869184.00 GB
CompressedClassSpaceSize: 1.00 GB
Initial GC threshold: 20.80 MB
Current GC threshold: 35.08 MB
CDS: off

CodeHeap 'non-profiled nmethods': size=120000Kb used=810Kb max_used=810Kb free=119189Kb
 bounds [0x000001dbe59b0000, 0x000001dbe5c20000, 0x000001dbecee0000]
CodeHeap 'profiled nmethods': size=120000Kb used=3744Kb max_used=3744Kb free=116255Kb
 bounds [0x000001dbde480000, 0x000001dbde830000, 0x000001dbe59b0000]
CodeHeap 'non-nmethods': size=5760Kb used=1163Kb max_used=1190Kb free=4597Kb
 bounds [0x000001dbddee0000, 0x000001dbde150000, 0x000001dbde480000]
 total_blobs=2329 nmethods=1918 adapters=323
 compilation: enabled
              stopped_count=0, restarted_count=0
 full_count=0

Compilation events (20 events):
Event: 1.389 Thread 0x000001dbf9d07800 1905       1       org.springframework.core.annotation.AnnotationTypeMapping$MirrorSets::access$400 (5 bytes)
Event: 1.389 Thread 0x000001dbf9d07800 nmethod 1905 0x000001dbe5a71110 code [0x000001dbe5a712c0, 0x000001dbe5a71358]
Event: 1.391 Thread 0x000001dbf9d07800 1909       1       java.lang.reflect.Method::getRoot (5 bytes)
Event: 1.391 Thread 0x000001dbf9d07800 nmethod 1909 0x000001dbe5a71410 code [0x000001dbe5a715c0, 0x000001dbe5a71678]
Event: 1.392 Thread 0x000001dbf9d07800 1910       3       java.lang.invoke.LambdaFormEditor::bindArgumentType (101 bytes)
Event: 1.392 Thread 0x000001dbf9d07800 nmethod 1910 0x000001dbde820910 code [0x000001dbde820ae0, 0x000001dbde820d08]
Event: 1.392 Thread 0x000001dbf9d07800 1912   !   3       jdk.internal.reflect.ReflectionFactory::checkInitted (94 bytes)
Event: 1.393 Thread 0x000001dbf9d07800 nmethod 1912 0x000001dbde820e10 code [0x000001dbde8210e0, 0x000001dbde821d98]
Event: 1.393 Thread 0x000001dbf9d07800 1911       3       java.lang.invoke.LambdaFormEditor::bindArgumentForm (269 bytes)
Event: 1.394 Thread 0x000001dbf9d07800 nmethod 1911 0x000001dbde822110 code [0x000001dbde8224e0, 0x000001dbde823ec8]
Event: 1.394 Thread 0x000001dbf9d07800 1913       1       org.springframework.core.annotation.AnnotationTypeMapping::getAttributes (5 bytes)
Event: 1.394 Thread 0x000001dbf9d07800 nmethod 1913 0x000001dbe5a71710 code [0x000001dbe5a718c0, 0x000001dbe5a71978]
Event: 1.394 Thread 0x000001dbf9d07800 1914       3       java.lang.invoke.ConstantCallSite::dynamicInvoker (5 bytes)
Event: 1.395 Thread 0x000001dbf9d07800 nmethod 1914 0x000001dbde824990 code [0x000001dbde824b60, 0x000001dbde824de8]
Event: 1.395 Thread 0x000001dbf9d07800 1915       3       java.lang.invoke.Invokers::callSiteForm (306 bytes)
Event: 1.396 Thread 0x000001dbf9d07800 nmethod 1915 0x000001dbde824f10 code [0x000001dbde825240, 0x000001dbde826768]
Event: 1.397 Thread 0x000001dbf9d07800 1917       3       org.springframework.core.annotation.MergedAnnotations::from (9 bytes)
Event: 1.397 Thread 0x000001dbf9d07800 nmethod 1917 0x000001dbde827010 code [0x000001dbde827240, 0x000001dbde827848]
Event: 1.398 Thread 0x000001dbf9d07800 1918       1       ch.qos.logback.classic.selector.DefaultContextSelector::getDefaultLoggerContext (5 bytes)
Event: 1.398 Thread 0x000001dbf9d07800 nmethod 1918 0x000001dbe5a71a10 code [0x000001dbe5a71bc0, 0x000001dbe5a71c78]

GC Heap History (6 events):
Event: 0.669 GC heap before
{Heap before GC invocations=0 (full 0):
 garbage-first heap   total 260096K, used 24576K [0x0000000703400000, 0x0000000800000000)
  region size 1024K, 24 young (24576K), 0 survivors (0K)
 Metaspace       used 13368K, capacity 13831K, committed 13952K, reserved 1060864K
  class space    used 1399K, capacity 1554K, committed 1664K, reserved 1048576K
}
Event: 0.674 GC heap after
{Heap after GC invocations=1 (full 0):
 garbage-first heap   total 260096K, used 5340K [0x0000000703400000, 0x0000000800000000)
  region size 1024K, 3 young (3072K), 3 survivors (3072K)
 Metaspace       used 13368K, capacity 13831K, committed 13952K, reserved 1060864K
  class space    used 1399K, capacity 1554K, committed 1664K, reserved 1048576K
}
Event: 1.164 GC heap before
{Heap before GC invocations=1 (full 0):
 garbage-first heap   total 260096K, used 27868K [0x0000000703400000, 0x0000000800000000)
  region size 1024K, 25 young (25600K), 3 survivors (3072K)
 Metaspace       used 18658K, capacity 19326K, committed 19584K, reserved 1067008K
  class space    used 2070K, capacity 2331K, committed 2432K, reserved 1048576K
}
Event: 1.167 GC heap after
{Heap after GC invocations=2 (full 0):
 garbage-first heap   total 260096K, used 6668K [0x0000000703400000, 0x0000000800000000)
  region size 1024K, 2 young (2048K), 2 survivors (2048K)
 Metaspace       used 18658K, capacity 19326K, committed 19584K, reserved 1067008K
  class space    used 2070K, capacity 2331K, committed 2432K, reserved 1048576K
}
Event: 1.328 GC heap before
{Heap before GC invocations=2 (full 0):
 garbage-first heap   total 260096K, used 14860K [0x0000000703400000, 0x0000000800000000)
  region size 1024K, 11 young (11264K), 2 survivors (2048K)
 Metaspace       used 20416K, capacity 21130K, committed 21296K, reserved 1069056K
  class space    used 2325K, capacity 2593K, committed 2688K, reserved 1048576K
}
Event: 1.331 GC heap after
{Heap after GC invocations=3 (full 0):
 garbage-first heap   total 260096K, used 7244K [0x0000000703400000, 0x0000000800000000)
  region size 1024K, 3 young (3072K), 3 survivors (3072K)
 Metaspace       used 20416K, capacity 21130K, committed 21296K, reserved 1069056K
  class space    used 2325K, capacity 2593K, committed 2688K, reserved 1048576K
}

Deoptimization events (20 events):
Event: 0.896 Thread 0x000001dbd57c1000 Uncommon trap: trap_request=0xffffff4d fr.pc=0x000001dbe5a253a4 relative=0x0000000000001564
Event: 0.896 Thread 0x000001dbd57c1000 Uncommon trap: reason=unstable_if action=reinterpret pc=0x000001dbe5a253a4 method=java.util.HashMap.hash(Ljava/lang/Object;)I @ 1 c2
Event: 0.896 Thread 0x000001dbd57c1000 DEOPT PACKING pc=0x000001dbe5a253a4 sp=0x00000034805fc2d0
Event: 0.896 Thread 0x000001dbd57c1000 DEOPT UNPACKING pc=0x000001dbddf2a1af sp=0x00000034805fc280 mode 2
Event: 0.933 Thread 0x000001dbd57c1000 Uncommon trap: trap_request=0xffffff4d fr.pc=0x000001dbe5a13240 relative=0x0000000000000400
Event: 0.933 Thread 0x000001dbd57c1000 Uncommon trap: reason=unstable_if action=reinterpret pc=0x000001dbe5a13240 method=java.util.jar.Manifest$FastInputStream.readLine([BII)I @ 90 c2
Event: 0.933 Thread 0x000001dbd57c1000 DEOPT PACKING pc=0x000001dbe5a13240 sp=0x00000034805fba90
Event: 0.933 Thread 0x000001dbd57c1000 DEOPT UNPACKING pc=0x000001dbddf2a1af sp=0x00000034805fba20 mode 2
Event: 1.014 Thread 0x000001dbf9cfb000 Uncommon trap: trap_request=0xffffff4d fr.pc=0x000001dbe5a2ac9c relative=0x00000000000010dc
Event: 1.014 Thread 0x000001dbf9cfb000 Uncommon trap: reason=unstable_if action=reinterpret pc=0x000001dbe5a2ac9c method=java.util.concurrent.ConcurrentHashMap.putVal(Ljava/lang/Object;Ljava/lang/Object;Z)Ljava/lang/Object; @ 148 c2
Event: 1.014 Thread 0x000001dbf9cfb000 DEOPT PACKING pc=0x000001dbe5a2ac9c sp=0x0000003480ffb550
Event: 1.014 Thread 0x000001dbf9cfb000 DEOPT UNPACKING pc=0x000001dbddf2a1af sp=0x0000003480ffb4e0 mode 2
Event: 1.159 Thread 0x000001dbd57c1000 Uncommon trap: trap_request=0xffffff4d fr.pc=0x000001dbe5a58954 relative=0x0000000000000294
Event: 1.159 Thread 0x000001dbd57c1000 Uncommon trap: reason=unstable_if action=reinterpret pc=0x000001dbe5a58954 method=java.lang.String.indexOf([BBILjava/lang/String;I)I @ 21 c2
Event: 1.159 Thread 0x000001dbd57c1000 DEOPT PACKING pc=0x000001dbe5a58954 sp=0x00000034805fb9c0
Event: 1.159 Thread 0x000001dbd57c1000 DEOPT UNPACKING pc=0x000001dbddf2a1af sp=0x00000034805fb928 mode 2
Event: 1.287 Thread 0x000001dbd57c1000 Uncommon trap: trap_request=0xffffff4d fr.pc=0x000001dbe5a5452c relative=0x000000000000130c
Event: 1.287 Thread 0x000001dbd57c1000 Uncommon trap: reason=unstable_if action=reinterpret pc=0x000001dbe5a5452c method=java.net.URL.<init>(Ljava/net/URL;Ljava/lang/String;Ljava/net/URLStreamHandler;)V @ 347 c2
Event: 1.287 Thread 0x000001dbd57c1000 DEOPT PACKING pc=0x000001dbe5a5452c sp=0x00000034805fc8f0
Event: 1.287 Thread 0x000001dbd57c1000 DEOPT UNPACKING pc=0x000001dbddf2a1af sp=0x00000034805fc870 mode 2

Classes redefined (0 events):
No events

Internal exceptions (20 events):
Event: 0.936 Thread 0x000001dbd57c1000 Exception <a 'java/lang/NoClassDefFoundError'{0x00000007124c1460}: org/springframework/transaction/interceptor/TransactionAttribute> (0x00000007124c1460) thrown at [./src/hotspot/share/classfile/systemDictionary.cpp, line 220]
Event: 0.945 Thread 0x000001dbd57c1000 Exception <a 'java/lang/NoSuchMethodError'{0x0000000712325ef0}: 'java.lang.Object java.lang.invoke.Invokers$Holder.linkToTargetMethod(java.lang.Object, java.lang.Object, java.lang.Object, java.lang.Object, java.lang.Object, java.lang.Object, java.lang.Object)'> (0x0000000712325ef0) thrown at [./src/hotspot/share/interpreter/linkResolver.cpp, line 773]
Event: 0.946 Thread 0x000001dbd57c1000 Exception <a 'java/lang/NoSuchMethodError'{0x00000007123307b8}: 'java.lang.Object java.lang.invoke.DirectMethodHandle$Holder.invokeInterface(java.lang.Object, java.lang.Object, java.lang.Object, java.lang.Object, java.lang.Object)'> (0x00000007123307b8) thrown at [./src/hotspot/share/interpreter/linkResolver.cpp, line 773]
Event: 0.946 Thread 0x000001dbd57c1000 Exception <a 'java/lang/IncompatibleClassChangeError'{0x0000000712333f10}: Found class java.lang.Object, but interface was expected> (0x0000000712333f10) thrown at [./src/hotspot/share/interpreter/linkResolver.cpp, line 839]
Event: 0.971 Thread 0x000001dbd57c1000 Exception <a 'java/lang/NoSuchMethodError'{0x000000071225f410}: 'int java.lang.invoke.DirectMethodHandle$Holder.invokeVirtual(java.lang.Object, java.lang.Object, java.lang.Object)'> (0x000000071225f410) thrown at [./src/hotspot/share/interpreter/linkResolver.cpp, line 773]
Event: 1.067 Thread 0x000001dbd57c1000 Exception <a 'java/lang/NoSuchMethodError'{0x0000000711fbaee8}: 'java.lang.Object java.lang.invoke.DirectMethodHandle$Holder.invokeInterface(java.lang.Object, java.lang.Object, java.lang.Object)'> (0x0000000711fbaee8) thrown at [./src/hotspot/share/interpreter/linkResolver.cpp, line 773]
Event: 1.067 Thread 0x000001dbd57c1000 Exception <a 'java/lang/IncompatibleClassChangeError'{0x0000000711fbe3c0}: Found class java.lang.Object, but interface was expected> (0x0000000711fbe3c0) thrown at [./src/hotspot/share/interpreter/linkResolver.cpp, line 839]
Event: 1.093 Thread 0x000001dbd57c1000 Exception <a 'java/lang/NoSuchMethodError'{0x0000000711e6a610}: 'int java.lang.invoke.DirectMethodHandle$Holder.invokeSpecial(java.lang.Object, java.lang.Object, java.lang.Object, java.lang.Object)'> (0x0000000711e6a610) thrown at [./src/hotspot/share/interpreter/linkResolver.cpp, line 773]
Event: 1.123 Thread 0x000001dbd57c1000 Exception <a 'java/lang/NoSuchMethodError'{0x0000000711d24210}: 'void java.lang.invoke.DirectMethodHandle$Holder.invokeStatic(java.lang.Object, java.lang.Object, java.lang.Object, java.lang.Object, java.lang.Object, java.lang.Object)'> (0x0000000711d24210) thrown at [./src/hotspot/share/interpreter/linkResolver.cpp, line 773]
Event: 1.137 Thread 0x000001dbd57c1000 Exception <a 'java/lang/NoSuchMethodError'{0x0000000711d9a608}: 'java.lang.Object java.lang.invoke.DirectMethodHandle$Holder.invokeSpecial(java.lang.Object, java.lang.Object, java.lang.Object, java.lang.Object, java.lang.Object, java.lang.Object, int)'> (0x0000000711d9a608) thrown at [./src/hotspot/share/interpreter/linkResolver.cpp, line 773]
Event: 1.138 Thread 0x000001dbd57c1000 Exception <a 'java/lang/NoSuchMethodError'{0x0000000711da4298}: 'java.lang.Object java.lang.invoke.DirectMethodHandle$Holder.invokeStatic(java.lang.Object, java.lang.Object, java.lang.Object, java.lang.Object, java.lang.Object, java.lang.Object, int)'> (0x0000000711da4298) thrown at [./src/hotspot/share/interpreter/linkResolver.cpp, line 773]
Event: 1.138 Thread 0x000001dbd57c1000 Exception <a 'java/lang/NoSuchMethodError'{0x0000000711da8878}: 'java.lang.Object java.lang.invoke.DirectMethodHandle$Holder.invokeSpecial(java.lang.Object, java.lang.Object, java.lang.Object, java.lang.Object, java.lang.Object, java.lang.Object, java.lang.Object, int)'> (0x0000000711da8878) thrown at [./src/hotspot/share/interpreter/linkResolver.cpp, line 773]
Event: 1.177 Thread 0x000001dbd57c1000 Exception <a 'java/lang/NoSuchMethodError'{0x0000000713181308}: 'java.lang.Object java.lang.invoke.DirectMethodHandle$Holder.invokeStatic(java.lang.Object, java.lang.Object, java.lang.Object, int, java.lang.Object)'> (0x0000000713181308) thrown at [./src/hotspot/share/interpreter/linkResolver.cpp, line 773]
Event: 1.178 Thread 0x000001dbd57c1000 Exception <a 'java/lang/NoSuchMethodError'{0x0000000713188260}: 'java.lang.Object java.lang.invoke.Invokers$Holder.linkToTargetMethod(java.lang.Object, java.lang.Object, int, java.lang.Object, java.lang.Object)'> (0x0000000713188260) thrown at [./src/hotspot/share/interpreter/linkResolver.cpp, line 773]
Event: 1.179 Thread 0x000001dbd57c1000 Exception <a 'java/lang/NoSuchMethodError'{0x0000000713197530}: 'int java.lang.invoke.DirectMethodHandle$Holder.invokeStatic(java.lang.Object, int, java.lang.Object, java.lang.Object)'> (0x0000000713197530) thrown at [./src/hotspot/share/interpreter/linkResolver.cpp, line 773]
Event: 1.179 Thread 0x000001dbd57c1000 Exception <a 'java/lang/NoSuchMethodError'{0x000000071319eb90}: 'java.lang.Object java.lang.invoke.DirectMethodHandle$Holder.invokeStatic(java.lang.Object, int, java.lang.Object)'> (0x000000071319eb90) thrown at [./src/hotspot/share/interpreter/linkResolver.cpp, line 773]
Event: 1.210 Thread 0x000001dbd57c1000 Exception <a 'java/lang/NoSuchMethodError'{0x0000000712f67298}: 'void java.lang.invoke.DirectMethodHandle$Holder.invokeStaticInit(java.lang.Object, java.lang.Object)'> (0x0000000712f67298) thrown at [./src/hotspot/share/interpreter/linkResolver.cpp, line 773]
Event: 1.285 Thread 0x000001dbfb287000 Exception <a 'java/lang/NoClassDefFoundError'{0x0000000712c9c388}: javax/validation/Validation> (0x0000000712c9c388) thrown at [./src/hotspot/share/classfile/systemDictionary.cpp, line 220]
Event: 1.286 Thread 0x000001dbfb287000 Exception <a 'java/lang/NoClassDefFoundError'{0x0000000712ca6798}: org/springframework/http/converter/support/AllEncompassingFormHttpMessageConverter> (0x0000000712ca6798) thrown at [./src/hotspot/share/classfile/systemDictionary.cpp, line 220]
Event: 1.286 Thread 0x000001dbfb287000 Exception <a 'java/lang/NoClassDefFoundError'{0x0000000712cb0108}: org/springframework/http/converter/json/Jackson2ObjectMapperBuilder> (0x0000000712cb0108) thrown at [./src/hotspot/share/classfile/systemDictionary.cpp, line 220]

Events (20 events):
Event: 1.401 loading class org/springframework/expression/TypeConverter
Event: 1.401 loading class org/springframework/expression/TypeConverter done
Event: 1.401 loading class org/springframework/expression/EvaluationContext
Event: 1.401 loading class org/springframework/expression/EvaluationContext done
Event: 1.401 loading class org/springframework/beans/factory/BeanExpressionException
Event: 1.401 loading class org/springframework/beans/factory/BeanExpressionException done
Event: 1.402 loading class org/springframework/context/expression/StandardBeanExpressionResolver$1
Event: 1.402 loading class org/springframework/context/expression/StandardBeanExpressionResolver$1 done
Event: 1.402 loading class org/springframework/expression/spel/standard/SpelExpressionParser
Event: 1.402 loading class org/springframework/expression/spel/standard/SpelExpressionParser done
Event: 1.402 loading class org/springframework/expression/common/TemplateAwareExpressionParser
Event: 1.402 loading class org/springframework/expression/common/TemplateAwareExpressionParser done
Event: 1.403 loading class org/springframework/expression/ParseException
Event: 1.403 loading class org/springframework/expression/ParseException done
Event: 1.403 loading class org/springframework/expression/ExpressionException
Event: 1.403 loading class org/springframework/expression/ExpressionException done
Event: 1.403 loading class org/springframework/expression/Expression
Event: 1.403 loading class org/springframework/expression/Expression done
Event: 1.403 loading class org/springframework/expression/spel/SpelParserConfiguration
Event: 1.403 loading class org/springframework/expression/spel/SpelParserConfiguration done


Dynamic libraries:
0x00007ff6359d0000 - 0x00007ff6359dd000 	C:\Users\Alex\.jdks\corretto-11.0.12\bin\java.exe
0x00007ffcc0490000 - 0x00007ffcc0685000 	C:\Windows\SYSTEM32\ntdll.dll
0x00007ffcbe500000 - 0x00007ffcbe5bd000 	C:\Windows\System32\KERNEL32.DLL
0x00007ffcbde30000 - 0x00007ffcbe0f9000 	C:\Windows\System32\KERNELBASE.dll
0x00007ffcbdd30000 - 0x00007ffcbde30000 	C:\Windows\System32\ucrtbase.dll
0x00007ffcb4330000 - 0x00007ffcb4347000 	C:\Users\Alex\.jdks\corretto-11.0.12\bin\jli.dll
0x00007ffcb2bd0000 - 0x00007ffcb2be9000 	C:\Users\Alex\.jdks\corretto-11.0.12\bin\VCRUNTIME140.dll
0x00007ffcbf920000 - 0x00007ffcbfac0000 	C:\Windows\System32\USER32.dll
0x00007ffcbdd00000 - 0x00007ffcbdd22000 	C:\Windows\System32\win32u.dll
0x00007ffca87e0000 - 0x00007ffca8a7a000 	C:\Windows\WinSxS\amd64_microsoft.windows.common-controls_6595b64144ccf1df_6.0.19041.1110_none_60b5254171f9507e\COMCTL32.dll
0x00007ffcbe5c0000 - 0x00007ffcbe65e000 	C:\Windows\System32\msvcrt.dll
0x00007ffcbe770000 - 0x00007ffcbe79a000 	C:\Windows\System32\GDI32.dll
0x00007ffcbe350000 - 0x00007ffcbe45b000 	C:\Windows\System32\gdi32full.dll
0x00007ffcbe460000 - 0x00007ffcbe4fd000 	C:\Windows\System32\msvcp_win.dll
0x00007ffcbf1d0000 - 0x00007ffcbf200000 	C:\Windows\System32\IMM32.DLL
0x00007ffca6b40000 - 0x00007ffca6bdb000 	C:\Users\Alex\.jdks\corretto-11.0.12\bin\msvcp140.dll
0x00007ffc79f40000 - 0x00007ffc7aa9a000 	C:\Users\Alex\.jdks\corretto-11.0.12\bin\server\jvm.dll
0x00007ffcbf070000 - 0x00007ffcbf11c000 	C:\Windows\System32\ADVAPI32.dll
0x00007ffcbe7a0000 - 0x00007ffcbe83b000 	C:\Windows\System32\sechost.dll
0x00007ffcbf7f0000 - 0x00007ffcbf91a000 	C:\Windows\System32\RPCRT4.dll
0x00007ffcbfac0000 - 0x00007ffcbfac8000 	C:\Windows\System32\PSAPI.DLL
0x00007ffca9470000 - 0x00007ffca9479000 	C:\Windows\SYSTEM32\WSOCK32.dll
0x00007ffca0130000 - 0x00007ffca0157000 	C:\Windows\SYSTEM32\WINMM.dll
0x00007ffcb1560000 - 0x00007ffcb156a000 	C:\Windows\SYSTEM32\VERSION.dll
0x00007ffcbefa0000 - 0x00007ffcbf00b000 	C:\Windows\System32\WS2_32.dll
0x00007ffcbc450000 - 0x00007ffcbc462000 	C:\Windows\SYSTEM32\kernel.appcore.dll
0x00007ffcb5cd0000 - 0x00007ffcb5ce0000 	C:\Users\Alex\.jdks\corretto-11.0.12\bin\verify.dll
0x00007ffcbc170000 - 0x00007ffcbc354000 	C:\Windows\SYSTEM32\DBGHELP.DLL
0x00007ffcae8b0000 - 0x00007ffcae8dc000 	C:\Windows\SYSTEM32\dbgcore.DLL
0x00007ffcbe260000 - 0x00007ffcbe2e3000 	C:\Windows\System32\bcryptPrimitives.dll
0x00007ffcad4f0000 - 0x00007ffcad518000 	C:\Users\Alex\.jdks\corretto-11.0.12\bin\java.dll
0x00007ffcadca0000 - 0x00007ffcadcaa000 	C:\Users\Alex\.jdks\corretto-11.0.12\bin\jimage.dll
0x00007ffcadc90000 - 0x00007ffcadc9e000 	C:\Users\Alex\.jdks\corretto-11.0.12\bin\instrument.dll
0x00007ffcad4d0000 - 0x00007ffcad4e7000 	C:\Users\Alex\.jdks\corretto-11.0.12\bin\zip.dll
0x00007ffcbfad0000 - 0x00007ffcc020f000 	C:\Windows\System32\SHELL32.dll
0x00007ffcbb900000 - 0x00007ffcbc091000 	C:\Windows\SYSTEM32\windows.storage.dll
0x00007ffcbf200000 - 0x00007ffcbf555000 	C:\Windows\System32\combase.dll
0x00007ffcbd560000 - 0x00007ffcbd58c000 	C:\Windows\SYSTEM32\Wldp.dll
0x00007ffcbe660000 - 0x00007ffcbe70e000 	C:\Windows\System32\SHCORE.dll
0x00007ffcbe710000 - 0x00007ffcbe765000 	C:\Windows\System32\shlwapi.dll
0x00007ffcbdb10000 - 0x00007ffcbdb2f000 	C:\Windows\SYSTEM32\profapi.dll
0x00007ffcad430000 - 0x00007ffcad449000 	C:\Users\Alex\.jdks\corretto-11.0.12\bin\net.dll
0x00007ffcb5420000 - 0x00007ffcb552a000 	C:\Windows\SYSTEM32\WINHTTP.dll
0x00007ffcbd340000 - 0x00007ffcbd3aa000 	C:\Windows\system32\mswsock.dll
0x00007ffcad410000 - 0x00007ffcad422000 	C:\Users\Alex\.jdks\corretto-11.0.12\bin\nio.dll
0x00007ffcabdc0000 - 0x00007ffcabdda000 	C:\Program Files\JetBrains\IntelliJ IDEA 2021.1\bin\breakgen64.dll
0x00007ffcad980000 - 0x00007ffcad989000 	C:\Users\Alex\.jdks\corretto-11.0.12\bin\management.dll
0x00007ffcad870000 - 0x00007ffcad87b000 	C:\Users\Alex\.jdks\corretto-11.0.12\bin\management_ext.dll
0x00007ffca5110000 - 0x00007ffca5127000 	C:\Windows\system32\napinsp.dll
0x00007ffca50f0000 - 0x00007ffca510b000 	C:\Windows\system32\pnrpnsp.dll
0x00007ffcb5900000 - 0x00007ffcb5915000 	C:\Windows\system32\wshbth.dll
0x00007ffcb5530000 - 0x00007ffcb554d000 	C:\Windows\system32\NLAapi.dll
0x00007ffcbd000000 - 0x00007ffcbd03b000 	C:\Windows\SYSTEM32\IPHLPAPI.DLL
0x00007ffcbd050000 - 0x00007ffcbd11c000 	C:\Windows\SYSTEM32\DNSAPI.dll
0x00007ffcbe840000 - 0x00007ffcbe848000 	C:\Windows\System32\NSI.dll
0x00007ffca50d0000 - 0x00007ffca50e2000 	C:\Windows\System32\winrnr.dll
0x00007ffcb49d0000 - 0x00007ffcb49da000 	C:\Windows\System32\rasadhlp.dll
0x00007ffcb2990000 - 0x00007ffcb2a0f000 	C:\Windows\System32\fwpuclnt.dll
0x00007ffcbdc80000 - 0x00007ffcbdca7000 	C:\Windows\System32\bcrypt.dll

dbghelp: loaded successfully - version: 4.0.5 - missing functions: none
symbol engine: initialized successfully - sym options: 0x614 - pdb path: .;C:\Users\Alex\.jdks\corretto-11.0.12\bin;C:\Windows\SYSTEM32;C:\Windows\WinSxS\amd64_microsoft.windows.common-controls_6595b64144ccf1df_6.0.19041.1110_none_60b5254171f9507e;C:\Users\Alex\.jdks\corretto-11.0.12\bin\server;C:\Program Files\JetBrains\IntelliJ IDEA 2021.1\bin

VM Arguments:
jvm_args: -ea -Didea.test.cyclic.buffer.size=1048576 -javaagent:C:\Program Files\JetBrains\IntelliJ IDEA 2021.1\lib\idea_rt.jar=60361:C:\Program Files\JetBrains\IntelliJ IDEA 2021.1\bin -Dfile.encoding=UTF-8 
java_command: com.intellij.rt.junit.JUnitStarter -ideVersion5 -junit5 com.zamkovyi.mostvaluableplayer2.service.impl.BasketballPlayerServiceImplTest,shouldReturnValidBasketballPlayer
java_class_path (initial): C:\Program Files\JetBrains\IntelliJ IDEA 2021.1\lib\idea_rt.jar;C:\Users\Alex\.m2\repository\org\junit\platform\junit-platform-launcher\1.7.2\junit-platform-launcher-1.7.2.jar;C:\Program Files\JetBrains\IntelliJ IDEA 2021.1\plugins\junit\lib\junit5-rt.jar;C:\Program Files\JetBrains\IntelliJ IDEA 2021.1\plugins\junit\lib\junit-rt.jar;C:\Users\Alex\IdeaProjects\MostValuablePlayer2\target\test-classes;C:\Users\Alex\IdeaProjects\MostValuablePlayer2\target\classes;C:\Users\Alex\.m2\repository\org\springframework\spring-core\5.3.9\spring-core-5.3.9.jar;C:\Users\Alex\.m2\repository\org\springframework\spring-jcl\5.3.9\spring-jcl-5.3.9.jar;C:\Users\Alex\.m2\repository\org\springframework\spring-context\5.3.9\spring-context-5.3.9.jar;C:\Users\Alex\.m2\repository\org\springframework\spring-aop\5.3.9\spring-aop-5.3.9.jar;C:\Users\Alex\.m2\repository\org\springframework\spring-beans\5.3.9\spring-beans-5.3.9.jar;C:\Users\Alex\.m2\repository\org\springframework\spring-expression\5.3.9\spring-expression-5.3.9.jar;C:\Users\Alex\.m2\repository\org\projectlombok\lombok\1.18.20\lombok-1.18.20.jar;C:\Users\Alex\.m2\repository\org\springframework\boot\spring-boot-starter-test\2.5.3\spring-boot-starter-test-2.5.3.jar;C:\Users\Alex\.m2\repository\org\springframework\boot\spring-boot-starter\2.5.3\spring-boot-starter-2.5.3.jar;C:\Users\Alex\.m2\repository\org\springframework\boot\spring-boot\2.5.3\spring-boot-2.5.3.jar;C:\Users\Alex\.m2\repository\org\springframework\boot\spring-boot-autoconfigure\2.5.3\spring-boot-autoconfigure-2.5.3.jar;C:\Users\Alex\.m2\repository\org\springframework\boot\spring-boot-starter-logging\2.5.3\spring-boot-starter-logging-2.5.3.jar;C:\Users\Alex\.m2\repository\ch\qos\logback\logback-classic\1.2.4\logback-classic-1.2.4.jar;C:\Users\Alex\.m2\repository\ch\qos\logback\logback-core\1.2.4\logback-core-1.2.4.jar;C:\Users\Alex\.m2\repository\org\apache\logging\log4j\log4j-to-slf4j\2.14.1\log4j-to-slf4j-2.14.1.jar;C:\Users\Alex\.m2\reposi
Launcher Type: SUN_STANDARD

[Global flags]
     intx CICompilerCount                          = 4                                         {product} {ergonomic}
     uint ConcGCThreads                            = 2                                         {product} {ergonomic}
     uint G1ConcRefinementThreads                  = 8                                         {product} {ergonomic}
   size_t G1HeapRegionSize                         = 1048576                                   {product} {ergonomic}
    uintx GCDrainStackTargetSize                   = 64                                        {product} {ergonomic}
   size_t InitialHeapSize                          = 266338304                                 {product} {ergonomic}
   size_t MarkStackSize                            = 4194304                                   {product} {ergonomic}
   size_t MaxHeapSize                              = 4240441344                                {product} {ergonomic}
   size_t MaxNewSize                               = 2543845376                                {product} {ergonomic}
   size_t MinHeapDeltaBytes                        = 1048576                                   {product} {ergonomic}
    uintx NonNMethodCodeHeapSize                   = 5836300                                {pd product} {ergonomic}
    uintx NonProfiledCodeHeapSize                  = 122910970                              {pd product} {ergonomic}
    uintx ProfiledCodeHeapSize                     = 122910970                              {pd product} {ergonomic}
    uintx ReservedCodeCacheSize                    = 251658240                              {pd product} {ergonomic}
     bool SegmentedCodeCache                       = true                                      {product} {ergonomic}
     bool UseCompressedClassPointers               = true                                 {lp64_product} {ergonomic}
     bool UseCompressedOops                        = true                                 {lp64_product} {ergonomic}
     bool UseG1GC                                  = true                                      {product} {ergonomic}
     bool UseLargePagesIndividualAllocation        = false                                  {pd product} {ergonomic}

Logging:
Log output configuration:
 #0: stdout all=warning uptime,level,tags
 #1: stderr all=off uptime,level,tags

Environment Variables:
PATH=C:\Program Files (x86)\Common Files\Oracle\Java\javapath;C:\Windows\system32;C:\Windows;C:\Windows\System32\Wbem;C:\Windows\System32\WindowsPowerShell\v1.0\;C:\Windows\System32\OpenSSH\;C:\Program Files (x86)\NVIDIA Corporation\PhysX\Common;C:\Program Files\NVIDIA Corporation\NVIDIA NvDLISR;C:\Program Files\Git\cmd;C:\Users\Alex\AppData\Local\Microsoft\WindowsApps;
USERNAME=Alex
OS=Windows_NT
PROCESSOR_IDENTIFIER=Intel64 Family 6 Model 165 Stepping 2, GenuineIntel



---------------  S Y S T E M  ---------------

OS: Windows 10 , 64 bit Build 19041 (10.0.19041.1023)
OS uptime: 7 days 2:00 hours
Hyper-V role detected

CPU:total 8 (initial active 8) (4 cores per cpu, 2 threads per core) family 6 model 165 stepping 2 microcode 0xe0, cmov, cx8, fxsr, mmx, sse, sse2, sse3, ssse3, sse4.1, sse4.2, popcnt, avx, avx2, aes, clmul, erms, 3dnowpref, lzcnt, ht, tsc, tscinvbit, bmi1, bmi2, adx, fma

Memory: 4k page, system-wide physical 16171M (3359M free)
TotalPageFile size 32337M (AvailPageFile size 6M)
current process WorkingSet (physical memory assigned to process): 120M, peak: 121M
current process commit charge ("private bytes"): 385M, peak: 387M

vm_info: OpenJDK 64-Bit Server VM (11.0.12+7-LTS) for windows-amd64 JRE (11.0.12+7-LTS), built on Jul 13 2021 17:58:36 by "Administrator" with unknown MS VC++:1916

END.
